#
# There is insufficient memory for the Java Runtime Environment to continue.
# Native memory allocation (mmap) failed to map 65536 bytes for Failed to commit metaspace.
# Possible reasons:
#   The system is out of physical RAM or swap space
#   The process is running with CompressedOops enabled, and the Java Heap may be blocking the growth of the native heap
# Possible solutions:
#   Reduce memory load on the system
#   Increase physical memory or swap space
#   Check if swap backing store is full
#   Decrease Java heap size (-Xmx/-Xms)
#   Decrease number of Java threads
#   Decrease Java thread stack sizes (-Xss)
#   Set larger code cache with -XX:ReservedCodeCacheSize=
#   JVM is running with Unscaled Compressed Oops mode in which the Java heap is
#     placed in the first 4GB address space. The Java Heap base address is the
#     maximum limit for the native heap growth. Please use -XX:HeapBaseMinAddress
#     to set the Java Heap base and to place the Java Heap above 4GB virtual address.
# This output file may be truncated or incomplete.
#
#  Out of Memory Error (virtualSpaceNode.cpp:110), pid=1704, tid=948
#
# JRE version: OpenJDK Runtime Environment Temurin-17.0.1+12 (17.0.1+12) (build 17.0.1+12)
# Java VM: OpenJDK 64-Bit Server VM Temurin-17.0.1+12 (17.0.1+12, mixed mode, emulated-client, tiered, compressed oops, compressed class ptrs, g1 gc, windows-amd64)
# No core dump will be written. Minidumps are not enabled by default on client versions of Windows
#

---------------  S U M M A R Y ------------

Command Line: -Dcom.sun.management.jmxremote -Dcom.sun.management.jmxremote.port=49254 -Dcom.sun.management.jmxremote.authenticate=false -Dcom.sun.management.jmxremote.ssl=false -Djava.rmi.server.hostname=localhost -Dspring.jmx.enabled=true -Dspring.application.admin.enabled=true -XX:TieredStopAtLevel=1 -Dspring.boot.project.name=dsmovie -Dfile.encoding=UTF-8 -XX:+ShowCodeDetailsInExceptionMessages com.devsuperior.dsmovie.DsmovieApplication --spring.output.ansi.enabled=always

Host: Intel(R) Celeron(R) CPU 1037U @ 1.80GHz, 2 cores, 1G,  Windows 8.1 , 64 bit Build 9600 (6.3.9600.17415)
Time: Sun Mar 13 23:29:06 2022 Hora oficial do Brasil elapsed time: 7.205872 seconds (0d 0h 0m 7s)

---------------  T H R E A D  ---------------

Current thread (0x00000054959efd60):  JavaThread "main" [_thread_in_vm, id=948, stack(0x0000005493960000,0x0000005493a60000)]

Stack: [0x0000005493960000,0x0000005493a60000]
Native frames: (J=compiled Java code, j=interpreted, Vv=VM code, C=native code)
V  [jvm.dll+0x6744da]
V  [jvm.dll+0x82e144]
V  [jvm.dll+0x82f8ee]
V  [jvm.dll+0x82ff53]
V  [jvm.dll+0x245175]
V  [jvm.dll+0x82a0eb]
V  [jvm.dll+0x619566]
V  [jvm.dll+0x1bff1e]
V  [jvm.dll+0x61beb1]
V  [jvm.dll+0x619f06]
V  [jvm.dll+0x623b87]
V  [jvm.dll+0x1e9e4b]
V  [jvm.dll+0x1ea385]
V  [jvm.dll+0x1eadbf]
V  [jvm.dll+0x1e0261]
V  [jvm.dll+0x53b150]
V  [jvm.dll+0x7a9378]
V  [jvm.dll+0x7a9464]
V  [jvm.dll+0x40bfd5]
V  [jvm.dll+0x4121c8]
C  [java.dll+0x17ec]

Java frames: (J=compiled Java code, j=interpreted, Vv=VM code)
J 1212  java.lang.ClassLoader.defineClass1(Ljava/lang/ClassLoader;Ljava/lang/String;[BIILjava/security/ProtectionDomain;Ljava/lang/String;)Ljava/lang/Class; java.base@17.0.1 (0 bytes) @ 0x00000054993b635b [0x00000054993b62a0+0x00000000000000bb]
J 1231 c1 java.lang.ClassLoader.defineClass(Ljava/lang/String;[BIILjava/security/ProtectionDomain;)Ljava/lang/Class; java.base@17.0.1 (43 bytes) @ 0x00000054993bf75c [0x00000054993bf660+0x00000000000000fc]
J 1239 c1 jdk.internal.loader.BuiltinClassLoader.defineClass(Ljava/lang/String;Ljdk/internal/loader/Resource;)Ljava/lang/Class; java.base@17.0.1 (121 bytes) @ 0x00000054993c3244 [0x00000054993c2da0+0x00000000000004a4]
J 1215 c1 jdk.internal.loader.BuiltinClassLoader.findClassOnClassPathOrNull(Ljava/lang/String;)Ljava/lang/Class; java.base@17.0.1 (64 bytes) @ 0x00000054993b791c [0x00000054993b7680+0x000000000000029c]
J 972 c1 jdk.internal.loader.BuiltinClassLoader.loadClassOrNull(Ljava/lang/String;Z)Ljava/lang/Class; java.base@17.0.1 (143 bytes) @ 0x000000549934f244 [0x000000549934ee00+0x0000000000000444]
J 1127 c1 jdk.internal.loader.ClassLoaders$AppClassLoader.loadClass(Ljava/lang/String;Z)Ljava/lang/Class; java.base@17.0.1 (40 bytes) @ 0x0000005499393624 [0x00000054993934e0+0x0000000000000144]
J 1113 c1 java.lang.ClassLoader.loadClass(Ljava/lang/String;)Ljava/lang/Class; java.base@17.0.1 (7 bytes) @ 0x000000549938bc64 [0x000000549938bc20+0x0000000000000044]
v  ~StubRoutines::call_stub
J 1212  java.lang.ClassLoader.defineClass1(Ljava/lang/ClassLoader;Ljava/lang/String;[BIILjava/security/ProtectionDomain;Ljava/lang/String;)Ljava/lang/Class; java.base@17.0.1 (0 bytes) @ 0x00000054993b635b [0x00000054993b62a0+0x00000000000000bb]
J 1231 c1 java.lang.ClassLoader.defineClass(Ljava/lang/String;[BIILjava/security/ProtectionDomain;)Ljava/lang/Class; java.base@17.0.1 (43 bytes) @ 0x00000054993bf75c [0x00000054993bf660+0x00000000000000fc]
J 1239 c1 jdk.internal.loader.BuiltinClassLoader.defineClass(Ljava/lang/String;Ljdk/internal/loader/Resource;)Ljava/lang/Class; java.base@17.0.1 (121 bytes) @ 0x00000054993c3244 [0x00000054993c2da0+0x00000000000004a4]
J 1215 c1 jdk.internal.loader.BuiltinClassLoader.findClassOnClassPathOrNull(Ljava/lang/String;)Ljava/lang/Class; java.base@17.0.1 (64 bytes) @ 0x00000054993b791c [0x00000054993b7680+0x000000000000029c]
J 972 c1 jdk.internal.loader.BuiltinClassLoader.loadClassOrNull(Ljava/lang/String;Z)Ljava/lang/Class; java.base@17.0.1 (143 bytes) @ 0x000000549934f244 [0x000000549934ee00+0x0000000000000444]
J 1127 c1 jdk.internal.loader.ClassLoaders$AppClassLoader.loadClass(Ljava/lang/String;Z)Ljava/lang/Class; java.base@17.0.1 (40 bytes) @ 0x0000005499393624 [0x00000054993934e0+0x0000000000000144]
J 1113 c1 java.lang.ClassLoader.loadClass(Ljava/lang/String;)Ljava/lang/Class; java.base@17.0.1 (7 bytes) @ 0x000000549938bc64 [0x000000549938bc20+0x0000000000000044]
v  ~StubRoutines::call_stub
j  org.hibernate.boot.model.source.internal.hbm.HbmMetadataSourceProcessorImpl.<init>(Ljava/util/Collection;Lorg/hibernate/boot/spi/MetadataBuildingContext;)V+128
j  org.hibernate.boot.model.source.internal.hbm.HbmMetadataSourceProcessorImpl.<init>(Lorg/hibernate/boot/model/process/spi/ManagedResources;Lorg/hibernate/boot/spi/MetadataBuildingContext;)V+8
j  org.hibernate.boot.model.process.spi.MetadataBuildingProcess$1.<init>(Lorg/hibernate/boot/spi/MetadataBuildingOptions;Lorg/hibernate/boot/model/process/spi/ManagedResources;Lorg/hibernate/boot/internal/MetadataBuildingContextRootImpl;Lorg/jboss/jandex/IndexView;)V+50
j  org.hibernate.boot.model.process.spi.MetadataBuildingProcess.complete(Lorg/hibernate/boot/model/process/spi/ManagedResources;Lorg/hibernate/boot/spi/BootstrapContext;Lorg/hibernate/boot/spi/MetadataBuildingOptions;)Lorg/hibernate/boot/spi/MetadataImplementor;+125
j  org.hibernate.jpa.boot.internal.EntityManagerFactoryBuilderImpl.metadata()Lorg/hibernate/boot/spi/MetadataImplementor;+30
j  org.hibernate.jpa.boot.internal.EntityManagerFactoryBuilderImpl.build()Ljavax/persistence/EntityManagerFactory;+3
j  org.springframework.orm.jpa.vendor.SpringHibernateJpaPersistenceProvider.createContainerEntityManagerFactory(Ljavax/persistence/spi/PersistenceUnitInfo;Ljava/util/Map;)Ljavax/persistence/EntityManagerFactory;+55
j  org.springframework.orm.jpa.LocalContainerEntityManagerFactoryBean.createNativeEntityManagerFactory()Ljavax/persistence/EntityManagerFactory;+129
j  org.springframework.orm.jpa.AbstractEntityManagerFactoryBean.buildNativeEntityManagerFactory()Ljavax/persistence/EntityManagerFactory;+1
j  org.springframework.orm.jpa.AbstractEntityManagerFactoryBean.afterPropertiesSet()V+192
j  org.springframework.orm.jpa.LocalContainerEntityManagerFactoryBean.afterPropertiesSet()V+77
j  org.springframework.beans.factory.support.AbstractAutowireCapableBeanFactory.invokeInitMethods(Ljava/lang/String;Ljava/lang/Object;Lorg/springframework/beans/factory/support/RootBeanDefinition;)V+106
j  org.springframework.beans.factory.support.AbstractAutowireCapableBeanFactory.initializeBean(Ljava/lang/String;Ljava/lang/Object;Lorg/springframework/beans/factory/support/RootBeanDefinition;)Ljava/lang/Object;+59
j  org.springframework.beans.factory.support.AbstractAutowireCapableBeanFactory.doCreateBean(Ljava/lang/String;Lorg/springframework/beans/factory/support/RootBeanDefinition;[Ljava/lang/Object;)Ljava/lang/Object;+245
j  org.springframework.beans.factory.support.AbstractAutowireCapableBeanFactory.createBean(Ljava/lang/String;Lorg/springframework/beans/factory/support/RootBeanDefinition;[Ljava/lang/Object;)Ljava/lang/Object;+169
j  org.springframework.beans.factory.support.AbstractBeanFactory.lambda$doGetBean$0(Ljava/lang/String;Lorg/springframework/beans/factory/support/RootBeanDefinition;[Ljava/lang/Object;)Ljava/lang/Object;+4
j  org.springframework.beans.factory.support.AbstractBeanFactory$$Lambda$334+0x00000001002e9470.getObject()Ljava/lang/Object;+16
j  org.springframework.beans.factory.support.DefaultSingletonBeanRegistry.getSingleton(Ljava/lang/String;Lorg/springframework/beans/factory/ObjectFactory;)Ljava/lang/Object;+132
J 2907 c1 org.springframework.beans.factory.support.AbstractBeanFactory.doGetBean(Ljava/lang/String;Ljava/lang/Class;[Ljava/lang/Object;Z)Ljava/lang/Object; (832 bytes) @ 0x0000005499654d34 [0x0000005499654780+0x00000000000005b4]
j  org.springframework.beans.factory.support.AbstractBeanFactory.getBean(Ljava/lang/String;)Ljava/lang/Object;+5
j  org.springframework.context.support.AbstractApplicationContext.getBean(Ljava/lang/String;)Ljava/lang/Object;+9
j  org.springframework.context.support.AbstractApplicationContext.finishBeanFactoryInitialization(Lorg/springframework/beans/factory/config/ConfigurableListableBeanFactory;)V+100
j  org.springframework.context.support.AbstractApplicationContext.refresh()V+86
j  org.springframework.boot.web.servlet.context.ServletWebServerApplicationContext.refresh()V+1
j  org.springframework.boot.SpringApplication.refresh(Lorg/springframework/context/ConfigurableApplicationContext;)V+1
j  org.springframework.boot.SpringApplication.refreshContext(Lorg/springframework/context/ConfigurableApplicationContext;)V+16
j  org.springframework.boot.SpringApplication.run([Ljava/lang/String;)Lorg/springframework/context/ConfigurableApplicationContext;+107
j  org.springframework.boot.SpringApplication.run([Ljava/lang/Class;[Ljava/lang/String;)Lorg/springframework/context/ConfigurableApplicationContext;+9
j  org.springframework.boot.SpringApplication.run(Ljava/lang/Class;[Ljava/lang/String;)Lorg/springframework/context/ConfigurableApplicationContext;+9
j  com.devsuperior.dsmovie.DsmovieApplication.main([Ljava/lang/String;)V+3
v  ~StubRoutines::call_stub

---------------  P R O C E S S  ---------------

Threads class SMR info:
_java_thread_list=0x00000054a3676970, length=24, elements={
0x00000054959efd60, 0x000000549f644b80, 0x000000549f645440, 0x000000549f649120,
0x000000549f6499e0, 0x000000549f64a2a0, 0x000000549f694030, 0x000000549f696510,
0x000000549f6a3cc0, 0x00000054a0a06050, 0x0000005495a6d4c0, 0x00000054a0a8a020,
0x00000054a12c46b0, 0x00000054a127dcd0, 0x00000054a12c0160, 0x00000054a16c9670,
0x00000054a1738490, 0x00000054a1712b40, 0x00000054a175f8a0, 0x00000054a3513bc0,
0x00000054a3511ee0, 0x00000054a3512880, 0x00000054a3514a30, 0x00000054a3513220
}

Java Threads: ( => current thread )
=>0x00000054959efd60 JavaThread "main" [_thread_in_vm, id=948, stack(0x0000005493960000,0x0000005493a60000)]
  0x000000549f644b80 JavaThread "Reference Handler" daemon [_thread_blocked, id=2424, stack(0x00000054a0000000,0x00000054a0100000)]
  0x000000549f645440 JavaThread "Finalizer" daemon [_thread_blocked, id=680, stack(0x00000054a0100000,0x00000054a0200000)]
  0x000000549f649120 JavaThread "Signal Dispatcher" daemon [_thread_blocked, id=2260, stack(0x00000054a02f0000,0x00000054a03f0000)]
  0x000000549f6499e0 JavaThread "Attach Listener" daemon [_thread_blocked, id=2556, stack(0x00000054a03f0000,0x00000054a04f0000)]
  0x000000549f64a2a0 JavaThread "Service Thread" daemon [_thread_blocked, id=2552, stack(0x00000054a04f0000,0x00000054a05f0000)]
  0x000000549f694030 JavaThread "Monitor Deflation Thread" daemon [_thread_blocked, id=2960, stack(0x00000054a05f0000,0x00000054a06f0000)]
  0x000000549f696510 JavaThread "C1 CompilerThread0" daemon [_thread_blocked, id=2488, stack(0x00000054a06f0000,0x00000054a07f0000)]
  0x000000549f6a3cc0 JavaThread "Sweeper thread" daemon [_thread_blocked, id=1964, stack(0x00000054a07f0000,0x00000054a08f0000)]
  0x00000054a0a06050 JavaThread "Common-Cleaner" daemon [_thread_blocked, id=2356, stack(0x00000054a0cf0000,0x00000054a0df0000)]
  0x0000005495a6d4c0 JavaThread "C1 CompilerThread1" daemon [_thread_blocked, id=2712, stack(0x00000054a0df0000,0x00000054a0ef0000)]
  0x00000054a0a8a020 JavaThread "Notification Thread" daemon [_thread_blocked, id=2028, stack(0x00000054a0ef0000,0x00000054a0ff0000)]
  0x00000054a12c46b0 JavaThread "RMI TCP Accept-0" daemon [_thread_in_native, id=3012, stack(0x00000054a2500000,0x00000054a2600000)]
  0x00000054a127dcd0 JavaThread "RMI TCP Accept-49254" daemon [_thread_in_native, id=1768, stack(0x00000054a2600000,0x00000054a2700000)]
  0x00000054a12c0160 JavaThread "RMI TCP Accept-0" daemon [_thread_in_native, id=1984, stack(0x00000054a2700000,0x00000054a2800000)]
  0x00000054a16c9670 JavaThread "RMI TCP Connection(1)-127.0.0.1" daemon [_thread_in_native, id=1376, stack(0x00000054a2a00000,0x00000054a2b00000)]
  0x00000054a1738490 JavaThread "RMI TCP Connection(2)-127.0.0.1" daemon [_thread_in_native, id=264, stack(0x00000054a2b00000,0x00000054a2c00000)]
  0x00000054a1712b40 JavaThread "RMI Scheduler(0)" daemon [_thread_blocked, id=2384, stack(0x00000054a2c00000,0x00000054a2d00000)]
  0x00000054a175f8a0 JavaThread "JMX server connection timeout 20" daemon [_thread_blocked, id=2420, stack(0x00000054a2d00000,0x00000054a2e00000)]
  0x00000054a3513bc0 JavaThread "HikariPool-1 housekeeper" daemon [_thread_blocked, id=1444, stack(0x00000054a3dd0000,0x00000054a3ed0000)]
  0x00000054a3511ee0 JavaThread "HikariPool-1 connection adder" daemon [_thread_blocked, id=164, stack(0x00000054a3ed0000,0x00000054a3fd0000)]
  0x00000054a3512880 JavaThread "Catalina-utility-1" [_thread_blocked, id=2820, stack(0x00000054a5800000,0x00000054a5900000)]
  0x00000054a3514a30 JavaThread "Catalina-utility-2" [_thread_blocked, id=2872, stack(0x00000054a5900000,0x00000054a5a00000)]
  0x00000054a3513220 JavaThread "container-0" [_thread_blocked, id=1940, stack(0x00000054a5a00000,0x00000054a5b00000)]

Other Threads:
  0x000000549f63e620 VMThread "VM Thread" [stack: 0x000000549f6d0000,0x000000549f7d0000] [id=2432]
  0x000000549f6cccf0 WatcherThread [stack: 0x00000054a2800000,0x00000054a2900000] [id=1908]
  0x0000005495a14b90 GCTaskThread "GC Thread#0" [stack: 0x0000005495750000,0x0000005495850000] [id=588]
  0x00000054a10f2940 GCTaskThread "GC Thread#1" [stack: 0x00000054a17f0000,0x00000054a18f0000] [id=184]
  0x0000005495a21510 ConcurrentGCThread "G1 Main Marker" [stack: 0x0000005495850000,0x0000005495950000] [id=3020]
  0x0000005495a21f20 ConcurrentGCThread "G1 Conc#0" [stack: 0x000000549cfa0000,0x000000549d0a0000] [id=1300]
  0x0000005495a5c940 ConcurrentGCThread "G1 Refine#0" [stack: 0x000000549f2d0000,0x000000549f3d0000] [id=2168]
  0x0000005495a5e280 ConcurrentGCThread "G1 Service" [stack: 0x000000549f3d0000,0x000000549f4d0000] [id=1812]

Threads with active compile tasks:

VM state: not at safepoint (normal execution)

VM Mutex/Monitor currently owned by a thread:  ([mutex/lock_event])
[0x00000054959e9860] Metaspace_lock - owner thread: 0x00000054959efd60

Heap address: 0x00000000e1a00000, size: 486 MB, Compressed Oops mode: 32-bit

CDS archive(s) not mapped
Compressed class space mapped at: 0x0000000100000000-0x0000000140000000, reserved size: 1073741824
Narrow klass base: 0x0000000000000000, Narrow klass shift: 3, Narrow klass range: 0x140000000

GC Precious Log:
 CPUs: 2 total, 2 available
 Memory: 1942M
 Large Page Support: Disabled
 NUMA Support: Disabled
 Compressed Oops: Enabled (32-bit)
 Heap Region Size: 1M
 Heap Min Capacity: 8M
 Heap Initial Capacity: 32M
 Heap Max Capacity: 486M
 Pre-touch: Disabled
 Parallel Workers: 2
 Concurrent Workers: 1
 Concurrent Refinement Workers: 2
 Periodic GC: Disabled

Heap:
 garbage-first heap   total 58368K, used 25017K [0x00000000e1a00000, 0x0000000100000000)
  region size 1024K, 12 young (12288K), 4 survivors (4096K)
 Metaspace       used 46523K, committed 46848K, reserved 1097728K
  class space    used 6037K, committed 6208K, reserved 1048576K

Heap Regions: E=young(eden), S=young(survivor), O=old, HS=humongous(starts), HC=humongous(continues), CS=collection set, F=free, OA=open archive, CA=closed archive, TAMS=top-at-mark-start (previous, next)
|   0|0x00000000e1a00000, 0x00000000e1b00000, 0x00000000e1b00000|100%|HS|  |TAMS 0x00000000e1b00000, 0x00000000e1a00000| Complete 
|   1|0x00000000e1b00000, 0x00000000e1c00000, 0x00000000e1c00000|100%| O|  |TAMS 0x00000000e1c00000, 0x00000000e1b00000| Untracked 
|   2|0x00000000e1c00000, 0x00000000e1d00000, 0x00000000e1d00000|100%| O|  |TAMS 0x00000000e1d00000, 0x00000000e1c00000| Untracked 
|   3|0x00000000e1d00000, 0x00000000e1e00000, 0x00000000e1e00000|100%| O|  |TAMS 0x00000000e1e00000, 0x00000000e1d00000| Untracked 
|   4|0x00000000e1e00000, 0x00000000e1f00000, 0x00000000e1f00000|100%| O|  |TAMS 0x00000000e1f00000, 0x00000000e1e00000| Untracked 
|   5|0x00000000e1f00000, 0x00000000e2000000, 0x00000000e2000000|100%| O|  |TAMS 0x00000000e2000000, 0x00000000e1f00000| Untracked 
|   6|0x00000000e2000000, 0x00000000e2100000, 0x00000000e2100000|100%| O|  |TAMS 0x00000000e2100000, 0x00000000e2000000| Untracked 
|   7|0x00000000e2100000, 0x00000000e21df800, 0x00000000e2200000| 87%| O|  |TAMS 0x00000000e21df800, 0x00000000e2100000| Untracked 
|   8|0x00000000e2200000, 0x00000000e2300000, 0x00000000e2300000|100%| O|  |TAMS 0x00000000e2300000, 0x00000000e2200000| Untracked 
|   9|0x00000000e2300000, 0x00000000e2400000, 0x00000000e2400000|100%| O|  |TAMS 0x00000000e2400000, 0x00000000e2300000| Untracked 
|  10|0x00000000e2400000, 0x00000000e2500000, 0x00000000e2500000|100%| O|  |TAMS 0x00000000e2500000, 0x00000000e2400000| Untracked 
|  11|0x00000000e2500000, 0x00000000e2600000, 0x00000000e2600000|100%| O|  |TAMS 0x00000000e2600000, 0x00000000e2500000| Untracked 
|  12|0x00000000e2600000, 0x00000000e2700000, 0x00000000e2700000|100%| O|  |TAMS 0x00000000e2700000, 0x00000000e2600000| Untracked 
|  13|0x00000000e2700000, 0x00000000e278ee00, 0x00000000e2800000| 55%| O|  |TAMS 0x00000000e278ee00, 0x00000000e2700000| Untracked 
|  14|0x00000000e2800000, 0x00000000e2800000, 0x00000000e2900000|  0%| F|  |TAMS 0x00000000e2800000, 0x00000000e2800000| Untracked 
|  15|0x00000000e2900000, 0x00000000e2900000, 0x00000000e2a00000|  0%| F|  |TAMS 0x00000000e2900000, 0x00000000e2900000| Untracked 
|  16|0x00000000e2a00000, 0x00000000e2a00000, 0x00000000e2b00000|  0%| F|  |TAMS 0x00000000e2a00000, 0x00000000e2a00000| Untracked 
|  17|0x00000000e2b00000, 0x00000000e2b00000, 0x00000000e2c00000|  0%| F|  |TAMS 0x00000000e2b00000, 0x00000000e2b00000| Untracked 
|  18|0x00000000e2c00000, 0x00000000e2c00000, 0x00000000e2d00000|  0%| F|  |TAMS 0x00000000e2c00000, 0x00000000e2c00000| Untracked 
|  19|0x00000000e2d00000, 0x00000000e2e00000, 0x00000000e2e00000|100%| S|CS|TAMS 0x00000000e2d00000, 0x00000000e2d00000| Complete 
|  20|0x00000000e2e00000, 0x00000000e2f00000, 0x00000000e2f00000|100%| S|CS|TAMS 0x00000000e2e00000, 0x00000000e2e00000| Complete 
|  21|0x00000000e2f00000, 0x00000000e3000000, 0x00000000e3000000|100%| S|CS|TAMS 0x00000000e2f00000, 0x00000000e2f00000| Complete 
|  22|0x00000000e3000000, 0x00000000e3100000, 0x00000000e3100000|100%| S|CS|TAMS 0x00000000e3000000, 0x00000000e3000000| Complete 
|  23|0x00000000e3100000, 0x00000000e3100000, 0x00000000e3200000|  0%| F|  |TAMS 0x00000000e3100000, 0x00000000e3100000| Untracked 
|  24|0x00000000e3200000, 0x00000000e3200000, 0x00000000e3300000|  0%| F|  |TAMS 0x00000000e3200000, 0x00000000e3200000| Untracked 
|  25|0x00000000e3300000, 0x00000000e3300000, 0x00000000e3400000|  0%| F|  |TAMS 0x00000000e3300000, 0x00000000e3300000| Untracked 
|  26|0x00000000e3400000, 0x00000000e3400000, 0x00000000e3500000|  0%| F|  |TAMS 0x00000000e3400000, 0x00000000e3400000| Untracked 
|  27|0x00000000e3500000, 0x00000000e3500000, 0x00000000e3600000|  0%| F|  |TAMS 0x00000000e3500000, 0x00000000e3500000| Untracked 
|  28|0x00000000e3600000, 0x00000000e3600000, 0x00000000e3700000|  0%| F|  |TAMS 0x00000000e3600000, 0x00000000e3600000| Untracked 
|  29|0x00000000e3700000, 0x00000000e3700000, 0x00000000e3800000|  0%| F|  |TAMS 0x00000000e3700000, 0x00000000e3700000| Untracked 
|  30|0x00000000e3800000, 0x00000000e3800000, 0x00000000e3900000|  0%| F|  |TAMS 0x00000000e3800000, 0x00000000e3800000| Untracked 
|  31|0x00000000e3900000, 0x00000000e3900000, 0x00000000e3a00000|  0%| F|  |TAMS 0x00000000e3900000, 0x00000000e3900000| Untracked 
|  32|0x00000000e3a00000, 0x00000000e3a00000, 0x00000000e3b00000|  0%| F|  |TAMS 0x00000000e3a00000, 0x00000000e3a00000| Untracked 
|  33|0x00000000e3b00000, 0x00000000e3b00000, 0x00000000e3c00000|  0%| F|  |TAMS 0x00000000e3b00000, 0x00000000e3b00000| Untracked 
|  34|0x00000000e3c00000, 0x00000000e3c00000, 0x00000000e3d00000|  0%| F|  |TAMS 0x00000000e3c00000, 0x00000000e3c00000| Untracked 
|  35|0x00000000e3d00000, 0x00000000e3d00000, 0x00000000e3e00000|  0%| F|  |TAMS 0x00000000e3d00000, 0x00000000e3d00000| Untracked 
|  36|0x00000000e3e00000, 0x00000000e3e00000, 0x00000000e3f00000|  0%| F|  |TAMS 0x00000000e3e00000, 0x00000000e3e00000| Untracked 
|  37|0x00000000e3f00000, 0x00000000e3f00000, 0x00000000e4000000|  0%| F|  |TAMS 0x00000000e3f00000, 0x00000000e3f00000| Untracked 
|  38|0x00000000e4000000, 0x00000000e4000000, 0x00000000e4100000|  0%| F|  |TAMS 0x00000000e4000000, 0x00000000e4000000| Untracked 
|  39|0x00000000e4100000, 0x00000000e4100000, 0x00000000e4200000|  0%| F|  |TAMS 0x00000000e4100000, 0x00000000e4100000| Untracked 
|  40|0x00000000e4200000, 0x00000000e4200000, 0x00000000e4300000|  0%| F|  |TAMS 0x00000000e4200000, 0x00000000e4200000| Untracked 
|  41|0x00000000e4300000, 0x00000000e4300000, 0x00000000e4400000|  0%| F|  |TAMS 0x00000000e4300000, 0x00000000e4300000| Untracked 
|  42|0x00000000e4400000, 0x00000000e4400000, 0x00000000e4500000|  0%| F|  |TAMS 0x00000000e4400000, 0x00000000e4400000| Untracked 
|  43|0x00000000e4500000, 0x00000000e4500000, 0x00000000e4600000|  0%| F|  |TAMS 0x00000000e4500000, 0x00000000e4500000| Untracked 
|  44|0x00000000e4600000, 0x00000000e4600000, 0x00000000e4700000|  0%| F|  |TAMS 0x00000000e4600000, 0x00000000e4600000| Untracked 
|  45|0x00000000e4700000, 0x00000000e4700000, 0x00000000e4800000|  0%| F|  |TAMS 0x00000000e4700000, 0x00000000e4700000| Untracked 
|  46|0x00000000e4800000, 0x00000000e4800000, 0x00000000e4900000|  0%| F|  |TAMS 0x00000000e4800000, 0x00000000e4800000| Untracked 
|  47|0x00000000e4900000, 0x00000000e4900000, 0x00000000e4a00000|  0%| F|  |TAMS 0x00000000e4900000, 0x00000000e4900000| Untracked 
|  48|0x00000000e4a00000, 0x00000000e4a00000, 0x00000000e4b00000|  0%| F|  |TAMS 0x00000000e4a00000, 0x00000000e4a00000| Untracked 
|  49|0x00000000e4b00000, 0x00000000e4b99d80, 0x00000000e4c00000| 60%| E|  |TAMS 0x00000000e4b00000, 0x00000000e4b00000| Complete 
|  50|0x00000000e4c00000, 0x00000000e4d00000, 0x00000000e4d00000|100%| E|CS|TAMS 0x00000000e4c00000, 0x00000000e4c00000| Complete 
|  51|0x00000000e4d00000, 0x00000000e4e00000, 0x00000000e4e00000|100%| E|CS|TAMS 0x00000000e4d00000, 0x00000000e4d00000| Complete 
|  52|0x00000000e4e00000, 0x00000000e4f00000, 0x00000000e4f00000|100%| E|CS|TAMS 0x00000000e4e00000, 0x00000000e4e00000| Complete 
|  53|0x00000000e4f00000, 0x00000000e5000000, 0x00000000e5000000|100%| E|CS|TAMS 0x00000000e4f00000, 0x00000000e4f00000| Complete 
|  54|0x00000000e5000000, 0x00000000e5100000, 0x00000000e5100000|100%| E|CS|TAMS 0x00000000e5000000, 0x00000000e5000000| Complete 
|  55|0x00000000e5100000, 0x00000000e5200000, 0x00000000e5200000|100%| E|CS|TAMS 0x00000000e5100000, 0x00000000e5100000| Complete 
|  68|0x00000000e5e00000, 0x00000000e5f00000, 0x00000000e5f00000|100%| E|CS|TAMS 0x00000000e5e00000, 0x00000000e5e00000| Complete 

Card table byte_map: [0x0000005495530000,0x0000005495630000] _byte_map_base: 0x0000005494e23000

Marking Bits (Prev, Next): (CMBitMap*) 0x0000005495a151a0, (CMBitMap*) 0x0000005495a151e0
 Prev Bits: [0x000000549c060000, 0x000000549c7f8000)
 Next Bits: [0x000000549c800000, 0x000000549cf98000)

Polling page: 0x0000005495190000

Metaspace:

Usage:
  Non-class:     39.54 MB used.
      Class:      5.90 MB used.
       Both:     45.43 MB used.

Virtual space:
  Non-class space:       48.00 MB reserved,      39.69 MB ( 83%) committed,  6 nodes.
      Class space:        1.00 GB reserved,       6.06 MB ( <1%) committed,  1 nodes.
             Both:        1.05 GB reserved,      45.75 MB (  4%) committed. 

Chunk freelists:
   Non-Class:  3.92 MB
       Class:  1.84 MB
        Both:  5.77 MB

MaxMetaspaceSize: unlimited
CompressedClassSpaceSize: 1.00 GB
Initial GC threshold: 21.00 MB
Current GC threshold: 59.31 MB
CDS: off
MetaspaceReclaimPolicy: balanced
 - commit_granule_bytes: 65536.
 - commit_granule_words: 8192.
 - virtual_space_node_default_size: 1048576.
 - enlarge_chunks_in_place: 1.
 - new_chunks_are_fully_committed: 0.
 - uncommit_free_chunks: 1.
 - use_allocation_guard: 0.
 - handle_deallocations: 1.


Internal statistics:

num_allocs_failed_limit: 8.
num_arena_births: 418.
num_arena_deaths: 0.
num_vsnodes_births: 7.
num_vsnodes_deaths: 0.
num_space_committed: 732.
num_space_uncommitted: 0.
num_chunks_returned_to_freelist: 8.
num_chunks_taken_from_freelist: 1798.
num_chunk_merges: 8.
num_chunk_splits: 1242.
num_chunks_enlarged: 910.
num_purges: 0.
num_inconsistent_stats: 0.

CodeCache: size=49152Kb used=7363Kb max_used=7363Kb free=41788Kb
 bounds [0x0000005499060000, 0x00000054997a0000, 0x000000549c060000]
 total_blobs=4147 nmethods=3606 adapters=468
 compilation: enabled
              stopped_count=0, restarted_count=0
 full_count=0

Compilation events (20 events):
Event: 7.100 Thread 0x000000549f696510 nmethod 3597 0x000000549978cf10 code [0x000000549978d0a0, 0x000000549978d218]
Event: 7.100 Thread 0x000000549f696510 3598       1       org.h2.table.Column::setTable (11 bytes)
Event: 7.100 Thread 0x000000549f696510 nmethod 3598 0x000000549978d290 code [0x000000549978d420, 0x000000549978d538]
Event: 7.101 Thread 0x0000005495a6d4c0 nmethod 3596 0x000000549978d590 code [0x000000549978d7a0, 0x000000549978dc18]
Event: 7.105 Thread 0x000000549f696510 3599       1       org.h2.command.Parser::readIf (21 bytes)
Event: 7.105 Thread 0x000000549f696510 nmethod 3599 0x000000549978e110 code [0x000000549978e2e0, 0x000000549978e5b8]
Event: 7.112 Thread 0x0000005495a6d4c0 3600       1       org.h2.engine.Session::getDatabase (5 bytes)
Event: 7.112 Thread 0x0000005495a6d4c0 nmethod 3600 0x000000549978ea90 code [0x000000549978ec20, 0x000000549978ecf8]
Event: 7.113 Thread 0x000000549f696510 3601       1       org.h2.value.VersionedValue::<init> (5 bytes)
Event: 7.113 Thread 0x0000005495a6d4c0 3602       1       org.h2.engine.DbObjectBase::getDatabase (5 bytes)
Event: 7.113 Thread 0x000000549f696510 nmethod 3601 0x000000549978ed90 code [0x000000549978ef20, 0x000000549978efd8]
Event: 7.113 Thread 0x0000005495a6d4c0 nmethod 3602 0x000000549978f090 code [0x000000549978f220, 0x000000549978f2f8]
Event: 7.113 Thread 0x0000005495a6d4c0 3603       1       org.h2.value.Value::<init> (5 bytes)
Event: 7.113 Thread 0x0000005495a6d4c0 nmethod 3603 0x000000549978f390 code [0x000000549978f520, 0x000000549978f5d8]
Event: 7.114 Thread 0x000000549f696510 3604       1       org.h2.value.ValueString::getValueType (3 bytes)
Event: 7.114 Thread 0x000000549f696510 nmethod 3604 0x000000549978f690 code [0x000000549978f820, 0x000000549978f8f8]
Event: 7.115 Thread 0x0000005495a6d4c0 3605       1       org.h2.value.TypeInfo::getExtTypeInfo (5 bytes)
Event: 7.115 Thread 0x0000005495a6d4c0 nmethod 3605 0x000000549978f990 code [0x000000549978fb20, 0x000000549978fbf8]
Event: 7.144 Thread 0x000000549f696510 3606       1       org.hibernate.boot.registry.classloading.internal.AggregatedClassLoader::access$000 (5 bytes)
Event: 7.144 Thread 0x000000549f696510 nmethod 3606 0x0000005499790c10 code [0x0000005499790da0, 0x0000005499790e58]

GC Heap History (20 events):
Event: 2.132 GC heap before
{Heap before GC invocations=4 (full 0):
 garbage-first heap   total 32768K, used 19326K [0x00000000e1a00000, 0x0000000100000000)
  region size 1024K, 14 young (14336K), 2 survivors (2048K)
 Metaspace       used 19710K, committed 19904K, reserved 1073152K
  class space    used 2269K, committed 2368K, reserved 1048576K
}
Event: 2.140 GC heap after
{Heap after GC invocations=5 (full 0):
 garbage-first heap   total 39936K, used 9178K [0x00000000e1a00000, 0x0000000100000000)
  region size 1024K, 2 young (2048K), 2 survivors (2048K)
 Metaspace       used 19710K, committed 19904K, reserved 1073152K
  class space    used 2269K, committed 2368K, reserved 1048576K
}
Event: 2.309 GC heap before
{Heap before GC invocations=5 (full 0):
 garbage-first heap   total 39936K, used 14298K [0x00000000e1a00000, 0x0000000100000000)
  region size 1024K, 8 young (8192K), 2 survivors (2048K)
 Metaspace       used 21306K, committed 21504K, reserved 1073152K
  class space    used 2447K, committed 2560K, reserved 1048576K
}
Event: 2.329 GC heap after
{Heap after GC invocations=6 (full 0):
 garbage-first heap   total 39936K, used 9086K [0x00000000e1a00000, 0x0000000100000000)
  region size 1024K, 1 young (1024K), 1 survivors (1024K)
 Metaspace       used 21306K, committed 21504K, reserved 1073152K
  class space    used 2447K, committed 2560K, reserved 1048576K
}
Event: 2.825 GC heap before
{Heap before GC invocations=7 (full 0):
 garbage-first heap   total 34816K, used 26494K [0x00000000e1a00000, 0x0000000100000000)
  region size 1024K, 19 young (19456K), 1 survivors (1024K)
 Metaspace       used 25558K, committed 25856K, reserved 1073152K
  class space    used 3016K, committed 3136K, reserved 1048576K
}
Event: 2.833 GC heap after
{Heap after GC invocations=8 (full 0):
 garbage-first heap   total 34816K, used 9810K [0x00000000e1a00000, 0x0000000100000000)
  region size 1024K, 2 young (2048K), 2 survivors (2048K)
 Metaspace       used 25558K, committed 25856K, reserved 1073152K
  class space    used 3016K, committed 3136K, reserved 1048576K
}
Event: 2.945 GC heap before
{Heap before GC invocations=8 (full 0):
 garbage-first heap   total 34816K, used 24146K [0x00000000e1a00000, 0x0000000100000000)
  region size 1024K, 17 young (17408K), 2 survivors (2048K)
 Metaspace       used 25932K, committed 26240K, reserved 1073152K
  class space    used 3071K, committed 3200K, reserved 1048576K
}
Event: 2.951 GC heap after
{Heap after GC invocations=9 (full 0):
 garbage-first heap   total 34816K, used 10335K [0x00000000e1a00000, 0x0000000100000000)
  region size 1024K, 2 young (2048K), 2 survivors (2048K)
 Metaspace       used 25932K, committed 26240K, reserved 1073152K
  class space    used 3071K, committed 3200K, reserved 1048576K
}
Event: 2.957 GC heap before
{Heap before GC invocations=9 (full 0):
 garbage-first heap   total 34816K, used 23647K [0x00000000e1a00000, 0x0000000100000000)
  region size 1024K, 16 young (16384K), 2 survivors (2048K)
 Metaspace       used 25939K, committed 26240K, reserved 1073152K
  class space    used 3072K, committed 3200K, reserved 1048576K
}
Event: 2.961 GC heap after
{Heap after GC invocations=10 (full 0):
 garbage-first heap   total 34816K, used 10420K [0x00000000e1a00000, 0x0000000100000000)
  region size 1024K, 1 young (1024K), 1 survivors (1024K)
 Metaspace       used 25939K, committed 26240K, reserved 1073152K
  class space    used 3072K, committed 3200K, reserved 1048576K
}
Event: 3.062 GC heap before
{Heap before GC invocations=10 (full 0):
 garbage-first heap   total 34816K, used 24756K [0x00000000e1a00000, 0x0000000100000000)
  region size 1024K, 16 young (16384K), 1 survivors (1024K)
 Metaspace       used 26588K, committed 26880K, reserved 1073152K
  class space    used 3149K, committed 3264K, reserved 1048576K
}
Event: 3.065 GC heap after
{Heap after GC invocations=11 (full 0):
 garbage-first heap   total 70656K, used 10868K [0x00000000e1a00000, 0x0000000100000000)
  region size 1024K, 1 young (1024K), 1 survivors (1024K)
 Metaspace       used 26588K, committed 26880K, reserved 1073152K
  class space    used 3149K, committed 3264K, reserved 1048576K
}
Event: 4.636 GC heap before
{Heap before GC invocations=11 (full 0):
 garbage-first heap   total 70656K, used 51828K [0x00000000e1a00000, 0x0000000100000000)
  region size 1024K, 41 young (41984K), 1 survivors (1024K)
 Metaspace       used 31626K, committed 32000K, reserved 1081344K
  class space    used 3935K, committed 4096K, reserved 1048576K
}
Event: 4.648 GC heap after
{Heap after GC invocations=12 (full 0):
 garbage-first heap   total 70656K, used 13923K [0x00000000e1a00000, 0x0000000100000000)
  region size 1024K, 4 young (4096K), 4 survivors (4096K)
 Metaspace       used 31626K, committed 32000K, reserved 1081344K
  class space    used 3935K, committed 4096K, reserved 1048576K
}
Event: 5.146 GC heap before
{Heap before GC invocations=12 (full 0):
 garbage-first heap   total 70656K, used 50787K [0x00000000e1a00000, 0x0000000100000000)
  region size 1024K, 41 young (41984K), 4 survivors (4096K)
 Metaspace       used 34297K, committed 34624K, reserved 1081344K
  class space    used 4274K, committed 4416K, reserved 1048576K
}
Event: 5.176 GC heap after
{Heap after GC invocations=13 (full 0):
 garbage-first heap   total 70656K, used 15707K [0x00000000e1a00000, 0x0000000100000000)
  region size 1024K, 2 young (2048K), 2 survivors (2048K)
 Metaspace       used 34297K, committed 34624K, reserved 1081344K
  class space    used 4274K, committed 4416K, reserved 1048576K
}
Event: 5.547 GC heap before
{Heap before GC invocations=13 (full 0):
 garbage-first heap   total 70656K, used 40283K [0x00000000e1a00000, 0x0000000100000000)
  region size 1024K, 28 young (28672K), 2 survivors (2048K)
 Metaspace       used 35779K, committed 36096K, reserved 1081344K
  class space    used 4434K, committed 4608K, reserved 1048576K
}
Event: 5.554 GC heap after
{Heap after GC invocations=14 (full 0):
 garbage-first heap   total 70656K, used 15801K [0x00000000e1a00000, 0x0000000100000000)
  region size 1024K, 2 young (2048K), 2 survivors (2048K)
 Metaspace       used 35779K, committed 36096K, reserved 1081344K
  class space    used 4434K, committed 4608K, reserved 1048576K
}
Event: 6.881 GC heap before
{Heap before GC invocations=15 (full 0):
 garbage-first heap   total 58368K, used 47545K [0x00000000e1a00000, 0x0000000100000000)
  region size 1024K, 34 young (34816K), 2 survivors (2048K)
 Metaspace       used 44284K, committed 44672K, reserved 1089536K
  class space    used 5675K, committed 5824K, reserved 1048576K
}
Event: 6.901 GC heap after
{Heap after GC invocations=16 (full 0):
 garbage-first heap   total 58368K, used 17849K [0x00000000e1a00000, 0x0000000100000000)
  region size 1024K, 4 young (4096K), 4 survivors (4096K)
 Metaspace       used 44284K, committed 44672K, reserved 1089536K
  class space    used 5675K, committed 5824K, reserved 1048576K
}

Deoptimization events (8 events):
Event: 0.575 Thread 0x00000054959efd60 DEOPT PACKING pc=0x000000549928fc75 sp=0x0000005493a5d300
Event: 0.575 Thread 0x00000054959efd60 DEOPT UNPACKING pc=0x00000054990b2b24 sp=0x0000005493a5c770 mode 3
Event: 2.463 Thread 0x00000054959efd60 DEOPT PACKING pc=0x00000054994f8a99 sp=0x0000005493a5d470
Event: 2.463 Thread 0x00000054959efd60 DEOPT UNPACKING pc=0x00000054990b2b24 sp=0x0000005493a5c950 mode 3
Event: 4.243 Thread 0x00000054959efd60 DEOPT PACKING pc=0x0000005499688e75 sp=0x0000005493a5cf40
Event: 4.243 Thread 0x00000054959efd60 DEOPT UNPACKING pc=0x00000054990b2b24 sp=0x0000005493a5c3b0 mode 3
Event: 6.020 Thread 0x00000054959efd60 DEOPT PACKING pc=0x00000054997614fd sp=0x0000005493a5c700
Event: 6.020 Thread 0x00000054959efd60 DEOPT UNPACKING pc=0x00000054990b2b24 sp=0x0000005493a5bc68 mode 3

Classes unloaded (0 events):
No events

Classes redefined (0 events):
No events

Internal exceptions (20 events):
Event: 4.514 Thread 0x00000054959efd60 Exception <a 'java/lang/ClassNotFoundException'{0x00000000e3a90f78}: org/springframework/transaction/annotation/ProxyTransactionManagementConfigurationCustomizer> (0x00000000e3a90f78) 
thrown [e:\jenkins\tmp\workspace\build\src\src\hotspot\share\classfile\systemDictionary.cpp, line 256]
Event: 4.517 Thread 0x00000054959efd60 Exception <a 'java/lang/ClassNotFoundException'{0x00000000e3a9b998}: org/springframework/context/annotation/ImportAwareCustomizer> (0x00000000e3a9b998) 
thrown [e:\jenkins\tmp\workspace\build\src\src\hotspot\share\classfile\systemDictionary.cpp, line 256]
Event: 4.518 Thread 0x00000054959efd60 Exception <a 'java/lang/ClassNotFoundException'{0x00000000e3aa1338}: org/springframework/beans/factory/AwareCustomizer> (0x00000000e3aa1338) 
thrown [e:\jenkins\tmp\workspace\build\src\src\hotspot\share\classfile\systemDictionary.cpp, line 256]
Event: 4.579 Thread 0x00000054959efd60 Exception <a 'java/lang/NoSuchMethodError'{0x00000000e385ab90}: 'java.lang.Object java.lang.invoke.DirectMethodHandle$Holder.invokeSpecialIFC(java.lang.Object, java.lang.Object, java.lang.Object)'> (0x00000000e385ab90) 
thrown [e:\jenkins\tmp\workspace\build\src\src\hotspot\share\interpreter\linkResolver.cpp, line 766]
Event: 4.628 Thread 0x00000054959efd60 Exception <a 'java/lang/NoSuchMethodError'{0x00000000e37a3290}: 'int java.lang.invoke.DirectMethodHandle$Holder.invokeSpecial(java.lang.Object, java.lang.Object, java.lang.Object, java.lang.Object, java.lang.Object)'> (0x00000000e37a3290) 
thrown [e:\jenkins\tmp\workspace\build\src\src\hotspot\share\interpreter\linkResolver.cpp, line 766]
Event: 4.703 Thread 0x00000054959efd60 Exception <a 'java/lang/NoSuchMethodError'{0x00000000e5d70e18}: 'java.lang.Object java.lang.invoke.DirectMethodHandle$Holder.invokeStatic(java.lang.Object, java.lang.Object, int)'> (0x00000000e5d70e18) 
thrown [e:\jenkins\tmp\workspace\build\src\src\hotspot\share\interpreter\linkResolver.cpp, line 766]
Event: 4.704 Thread 0x00000054959efd60 Exception <a 'java/lang/NoSuchMethodError'{0x00000000e5d7c8b0}: 'void java.lang.invoke.DelegatingMethodHandle$Holder.delegate(java.lang.Object, java.lang.Object, int, java.lang.Object)'> (0x00000000e5d7c8b0) 
thrown [e:\jenkins\tmp\workspace\build\src\src\hotspot\share\interpreter\linkResolver.cpp, line 766]
Event: 4.737 Thread 0x00000054a1738490 Exception <a 'java/lang/reflect/InvocationTargetException'{0x00000000e5c82390}> (0x00000000e5c82390) 
thrown [e:\jenkins\tmp\workspace\build\src\src\hotspot\share\runtime\reflection.cpp, line 1121]
Event: 4.756 Thread 0x00000054959efd60 Exception <a 'java/lang/NoSuchMethodError'{0x00000000e5c982f0}: 'void java.lang.invoke.DirectMethodHandle$Holder.invokeInterface(java.lang.Object, java.lang.Object, int)'> (0x00000000e5c982f0) 
thrown [e:\jenkins\tmp\workspace\build\src\src\hotspot\share\interpreter\linkResolver.cpp, line 766]
Event: 4.764 Thread 0x00000054959efd60 Exception <a 'java/lang/IncompatibleClassChangeError'{0x00000000e5ce8420}: Found class java.lang.Object, but interface was expected> (0x00000000e5ce8420) 
thrown [e:\jenkins\tmp\workspace\build\src\src\hotspot\share\interpreter\linkResolver.cpp, line 833]
Event: 4.765 Thread 0x00000054959efd60 Exception <a 'java/lang/NoSuchMethodError'{0x00000000e5ced5a8}: 'void java.lang.invoke.DirectMethodHandle$Holder.invokeStatic(java.lang.Object, int, java.lang.Object)'> (0x00000000e5ced5a8) 
thrown [e:\jenkins\tmp\workspace\build\src\src\hotspot\share\interpreter\linkResolver.cpp, line 766]
Event: 4.771 Thread 0x00000054959efd60 Exception <a 'java/lang/NoSuchMethodError'{0x00000000e5b1c7e0}: 'int java.lang.invoke.DirectMethodHandle$Holder.invokeSpecial(java.lang.Object, java.lang.Object, int)'> (0x00000000e5b1c7e0) 
thrown [e:\jenkins\tmp\workspace\build\src\src\hotspot\share\interpreter\linkResolver.cpp, line 766]
Event: 5.255 Thread 0x00000054959efd60 Exception <a 'java/io/FileNotFoundException'{0x00000000e4ee6120}> (0x00000000e4ee6120) 
thrown [e:\jenkins\tmp\workspace\build\src\src\hotspot\share\prims\jni.cpp, line 516]
Event: 5.275 Thread 0x00000054a1738490 Exception <a 'java/lang/reflect/InvocationTargetException'{0x00000000e4c83418}> (0x00000000e4c83418) 
thrown [e:\jenkins\tmp\workspace\build\src\src\hotspot\share\runtime\reflection.cpp, line 1121]
Event: 5.307 Thread 0x00000054959efd60 Exception <a 'java/lang/NoSuchMethodError'{0x00000000e4b3d988}: 'int java.lang.invoke.DirectMethodHandle$Holder.invokeInterface(java.lang.Object, java.lang.Object, java.lang.Object, java.lang.Object)'> (0x00000000e4b3d988) 
thrown [e:\jenkins\tmp\workspace\build\src\src\hotspot\share\interpreter\linkResolver.cpp, line 766]
Event: 5.806 Thread 0x00000054a1738490 Exception <a 'java/lang/reflect/InvocationTargetException'{0x00000000e4a01bc0}> (0x00000000e4a01bc0) 
thrown [e:\jenkins\tmp\workspace\build\src\src\hotspot\share\runtime\reflection.cpp, line 1121]
Event: 5.858 Thread 0x00000054959efd60 Exception <a 'java/lang/NoSuchMethodError'{0x00000000e4a76ab8}: 'java.lang.Object java.lang.invoke.DirectMethodHandle$Holder.invokeStaticInit(java.lang.Object, java.lang.Object, java.lang.Object, java.lang.Object)'> (0x00000000e4a76ab8) 
thrown [e:\jenkins\tmp\workspace\build\src\src\hotspot\share\interpreter\linkResolver.cpp, line 766]
Event: 6.033 Thread 0x00000054959efd60 Exception <a 'java/io/FileNotFoundException'{0x00000000e47363e0}> (0x00000000e47363e0) 
thrown [e:\jenkins\tmp\workspace\build\src\src\hotspot\share\prims\jni.cpp, line 516]
Event: 6.362 Thread 0x00000054a1738490 Exception <a 'java/lang/reflect/InvocationTargetException'{0x00000000e3c01bc0}> (0x00000000e3c01bc0) 
thrown [e:\jenkins\tmp\workspace\build\src\src\hotspot\share\runtime\reflection.cpp, line 1121]
Event: 6.903 Thread 0x00000054a1738490 Exception <a 'java/lang/reflect/InvocationTargetException'{0x00000000e5e81a98}> (0x00000000e5e81a98) 
thrown [e:\jenkins\tmp\workspace\build\src\src\hotspot\share\runtime\reflection.cpp, line 1121]

VM Operations (20 events):
Event: 5.589 Executing VM operation: G1Concurrent
Event: 5.595 Executing VM operation: G1Concurrent done
Event: 5.611 Executing VM operation: G1Concurrent
Event: 5.611 Executing VM operation: G1Concurrent done
Event: 5.655 Executing VM operation: HandshakeAllThreads
Event: 5.655 Executing VM operation: HandshakeAllThreads done
Event: 5.676 Executing VM operation: HandshakeAllThreads
Event: 5.676 Executing VM operation: HandshakeAllThreads done
Event: 5.986 Executing VM operation: HandshakeAllThreads
Event: 5.986 Executing VM operation: HandshakeAllThreads done
Event: 5.987 Executing VM operation: HandshakeAllThreads
Event: 5.987 Executing VM operation: HandshakeAllThreads done
Event: 6.037 Executing VM operation: HandshakeAllThreads
Event: 6.037 Executing VM operation: HandshakeAllThreads done
Event: 6.073 Executing VM operation: HandshakeAllThreads
Event: 6.073 Executing VM operation: HandshakeAllThreads done
Event: 6.390 Executing VM operation: HandshakeAllThreads
Event: 6.390 Executing VM operation: HandshakeAllThreads done
Event: 6.880 Executing VM operation: G1CollectForAllocation
Event: 6.902 Executing VM operation: G1CollectForAllocation done

Events (20 events):
Event: 6.856 loading class java/time/temporal/TemporalQueries$7
Event: 6.856 loading class java/time/temporal/TemporalQueries$7 done
Event: 6.956 loading class javax/xml/stream/XMLEventReader
Event: 6.956 loading class javax/xml/stream/XMLEventReader done
Event: 6.962 loading class javax/xml/stream/XMLEventFactory
Event: 6.962 loading class javax/xml/stream/XMLEventFactory done
Event: 6.963 loading class javax/xml/stream/FactoryFinder
Event: 6.963 loading class javax/xml/stream/FactoryFinder done
Event: 6.965 loading class javax/xml/stream/FactoryFinder$1
Event: 6.965 loading class javax/xml/stream/FactoryFinder$1 done
Event: 6.966 loading class com/sun/xml/internal/stream/events/XMLEventFactoryImpl
Event: 6.966 loading class com/sun/xml/internal/stream/events/XMLEventFactoryImpl done
Event: 7.000 loading class javax/naming/InvalidNameException
Event: 7.000 loading class javax/naming/InvalidNameException done
Event: 7.001 loading class javax/naming/event/NamingListener
Event: 7.001 loading class javax/naming/event/NamingListener done
Event: 7.001 loading class javax/naming/event/NamespaceChangeListener
Event: 7.002 loading class javax/naming/event/NamespaceChangeListener done
Event: 7.135 loading class java/io/PipedOutputStream
Event: 7.135 loading class java/io/PipedOutputStream done


Dynamic libraries:
0x00007ff6aba30000 - 0x00007ff6aba3e000 	C:\temp\contents\sts-4.13.1.RELEASE\plugins\org.eclipse.justj.openjdk.hotspot.jre.full.win32.x86_64_17.0.1.v20211116-1657\jre\bin\javaw.exe
0x00007ffdaf9f0000 - 0x00007ffdafb9d000 	C:\Windows\SYSTEM32\ntdll.dll
0x00007ffdad420000 - 0x00007ffdad55e000 	C:\Windows\system32\KERNEL32.DLL
0x00007ffdace30000 - 0x00007ffdacf46000 	C:\Windows\system32\KERNELBASE.dll
0x00007ffda8e90000 - 0x00007ffda8ea8000 	C:\temp\contents\sts-4.13.1.RELEASE\plugins\org.eclipse.justj.openjdk.hotspot.jre.full.win32.x86_64_17.0.1.v20211116-1657\jre\bin\jli.dll
0x00007ffd9a020000 - 0x00007ffd9a039000 	C:\temp\contents\sts-4.13.1.RELEASE\plugins\org.eclipse.justj.openjdk.hotspot.jre.full.win32.x86_64_17.0.1.v20211116-1657\jre\bin\VCRUNTIME140.dll
0x00007ffda8e80000 - 0x00007ffda8e84000 	C:\temp\contents\sts-4.13.1.RELEASE\plugins\org.eclipse.justj.openjdk.hotspot.jre.full.win32.x86_64_17.0.1.v20211116-1657\jre\bin\api-ms-win-crt-stdio-l1-1-0.dll
0x00007ffd9a630000 - 0x00007ffd9a634000 	C:\temp\contents\sts-4.13.1.RELEASE\plugins\org.eclipse.justj.openjdk.hotspot.jre.full.win32.x86_64_17.0.1.v20211116-1657\jre\bin\api-ms-win-crt-runtime-l1-1-0.dll
0x00007ffd9a190000 - 0x00007ffd9a193000 	C:\temp\contents\sts-4.13.1.RELEASE\plugins\org.eclipse.justj.openjdk.hotspot.jre.full.win32.x86_64_17.0.1.v20211116-1657\jre\bin\api-ms-win-crt-environment-l1-1-0.dll
0x00007ffd9a010000 - 0x00007ffd9a015000 	C:\temp\contents\sts-4.13.1.RELEASE\plugins\org.eclipse.justj.openjdk.hotspot.jre.full.win32.x86_64_17.0.1.v20211116-1657\jre\bin\api-ms-win-crt-math-l1-1-0.dll
0x00007ffd9a000000 - 0x00007ffd9a003000 	C:\temp\contents\sts-4.13.1.RELEASE\plugins\org.eclipse.justj.openjdk.hotspot.jre.full.win32.x86_64_17.0.1.v20211116-1657\jre\bin\api-ms-win-crt-locale-l1-1-0.dll
0x00007ffd99ff0000 - 0x00007ffd99ff3000 	C:\temp\contents\sts-4.13.1.RELEASE\plugins\org.eclipse.justj.openjdk.hotspot.jre.full.win32.x86_64_17.0.1.v20211116-1657\jre\bin\api-ms-win-crt-heap-l1-1-0.dll
0x00007ffdaa2d0000 - 0x00007ffdaa54b000 	C:\Windows\WinSxS\amd64_microsoft.windows.common-controls_6595b64144ccf1df_6.0.9600.18006_none_623f33d3ecbe86e8\COMCTL32.dll
0x00007ffdadaa0000 - 0x00007ffdadc17000 	C:\Windows\system32\USER32.dll
0x00007ffd99fa0000 - 0x00007ffd99fa3000 	C:\temp\contents\sts-4.13.1.RELEASE\plugins\org.eclipse.justj.openjdk.hotspot.jre.full.win32.x86_64_17.0.1.v20211116-1657\jre\bin\api-ms-win-crt-filesystem-l1-1-0.dll
0x00007ffd99e00000 - 0x00007ffd99e04000 	C:\temp\contents\sts-4.13.1.RELEASE\plugins\org.eclipse.justj.openjdk.hotspot.jre.full.win32.x86_64_17.0.1.v20211116-1657\jre\bin\api-ms-win-crt-string-l1-1-0.dll
0x00007ffd99df0000 - 0x00007ffd99df4000 	C:\temp\contents\sts-4.13.1.RELEASE\plugins\org.eclipse.justj.openjdk.hotspot.jre.full.win32.x86_64_17.0.1.v20211116-1657\jre\bin\api-ms-win-crt-convert-l1-1-0.dll
0x00007ffdaf780000 - 0x00007ffdaf82a000 	C:\Windows\system32\msvcrt.dll
0x00007ffdad770000 - 0x00007ffdad8bb000 	C:\Windows\system32\GDI32.dll
0x00007ffd98640000 - 0x00007ffd9873a000 	C:\temp\contents\sts-4.13.1.RELEASE\plugins\org.eclipse.justj.openjdk.hotspot.jre.full.win32.x86_64_17.0.1.v20211116-1657\jre\bin\ucrtbase.DLL
0x00007ffdaf740000 - 0x00007ffdaf776000 	C:\Windows\system32\IMM32.DLL
0x00007ffdaf830000 - 0x00007ffdaf981000 	C:\Windows\system32\MSCTF.dll
0x00007ffd99dd0000 - 0x00007ffd99ddc000 	C:\temp\contents\sts-4.13.1.RELEASE\plugins\org.eclipse.justj.openjdk.hotspot.jre.full.win32.x86_64_17.0.1.v20211116-1657\jre\bin\vcruntime140_1.dll
0x00007ffd985a0000 - 0x00007ffd98631000 	C:\temp\contents\sts-4.13.1.RELEASE\plugins\org.eclipse.justj.openjdk.hotspot.jre.full.win32.x86_64_17.0.1.v20211116-1657\jre\bin\msvcp140.dll
0x00007ffd99de0000 - 0x00007ffd99de3000 	C:\temp\contents\sts-4.13.1.RELEASE\plugins\org.eclipse.justj.openjdk.hotspot.jre.full.win32.x86_64_17.0.1.v20211116-1657\jre\bin\api-ms-win-crt-time-l1-1-0.dll
0x00007ffd99dc0000 - 0x00007ffd99dc3000 	C:\temp\contents\sts-4.13.1.RELEASE\plugins\org.eclipse.justj.openjdk.hotspot.jre.full.win32.x86_64_17.0.1.v20211116-1657\jre\bin\api-ms-win-crt-utility-l1-1-0.dll
0x00007ffd98800000 - 0x00007ffd99446000 	C:\temp\contents\sts-4.13.1.RELEASE\plugins\org.eclipse.justj.openjdk.hotspot.jre.full.win32.x86_64_17.0.1.v20211116-1657\jre\bin\server\jvm.dll
0x00007ffdadce0000 - 0x00007ffdadd8a000 	C:\Windows\system32\ADVAPI32.dll
0x00007ffda4ed0000 - 0x00007ffda4ed9000 	C:\Windows\SYSTEM32\WSOCK32.dll
0x00007ffda4d00000 - 0x00007ffda4d22000 	C:\Windows\SYSTEM32\WINMM.dll
0x00007ffda56d0000 - 0x00007ffda56da000 	C:\Windows\SYSTEM32\VERSION.dll
0x00007ffdad560000 - 0x00007ffdad567000 	C:\Windows\system32\PSAPI.DLL
0x00007ffdad8e0000 - 0x00007ffdad939000 	C:\Windows\SYSTEM32\sechost.dll
0x00007ffdad940000 - 0x00007ffdada80000 	C:\Windows\system32\RPCRT4.dll
0x00007ffdaf990000 - 0x00007ffdaf9ea000 	C:\Windows\system32\WS2_32.dll
0x00007ffda4cd0000 - 0x00007ffda4cfa000 	C:\Windows\SYSTEM32\WINMMBASE.dll
0x00007ffdacf50000 - 0x00007ffdacf7e000 	C:\Windows\system32\SspiCli.dll
0x00007ffdad8d0000 - 0x00007ffdad8d9000 	C:\Windows\system32\NSI.dll
0x00007ffdacf80000 - 0x00007ffdacfcf000 	C:\Windows\SYSTEM32\cfgmgr32.dll
0x00007ffdab940000 - 0x00007ffdab968000 	C:\Windows\SYSTEM32\DEVOBJ.dll
0x00007ffd9e2f0000 - 0x00007ffd9e2fa000 	C:\temp\contents\sts-4.13.1.RELEASE\plugins\org.eclipse.justj.openjdk.hotspot.jre.full.win32.x86_64_17.0.1.v20211116-1657\jre\bin\jimage.dll
0x00007ffd99e10000 - 0x00007ffd99f99000 	C:\Windows\SYSTEM32\DBGHELP.DLL
0x00007ffd9e2c0000 - 0x00007ffd9e2e5000 	C:\temp\contents\sts-4.13.1.RELEASE\plugins\org.eclipse.justj.openjdk.hotspot.jre.full.win32.x86_64_17.0.1.v20211116-1657\jre\bin\java.dll
0x00007ffd9e2a0000 - 0x00007ffd9e2b8000 	C:\temp\contents\sts-4.13.1.RELEASE\plugins\org.eclipse.justj.openjdk.hotspot.jre.full.win32.x86_64_17.0.1.v20211116-1657\jre\bin\zip.dll
0x00007ffdadd90000 - 0x00007ffdaf2bc000 	C:\Windows\system32\SHELL32.dll
0x00007ffdaf2d0000 - 0x00007ffdaf4e2000 	C:\Windows\SYSTEM32\combase.dll
0x00007ffdad2f0000 - 0x00007ffdad344000 	C:\Windows\system32\SHLWAPI.dll
0x00007ffdaaf00000 - 0x00007ffdaafb2000 	C:\Windows\SYSTEM32\SHCORE.dll
0x00007ffdacb20000 - 0x00007ffdacb35000 	C:\Windows\SYSTEM32\profapi.dll
0x00007ffd9e280000 - 0x00007ffd9e299000 	C:\temp\contents\sts-4.13.1.RELEASE\plugins\org.eclipse.justj.openjdk.hotspot.jre.full.win32.x86_64_17.0.1.v20211116-1657\jre\bin\net.dll
0x00007ffda4d30000 - 0x00007ffda4df7000 	C:\Windows\SYSTEM32\WINHTTP.dll
0x00007ffdac350000 - 0x00007ffdac3a9000 	C:\Windows\system32\mswsock.dll
0x00007ffd9e260000 - 0x00007ffd9e275000 	C:\temp\contents\sts-4.13.1.RELEASE\plugins\org.eclipse.justj.openjdk.hotspot.jre.full.win32.x86_64_17.0.1.v20211116-1657\jre\bin\nio.dll
0x00007ffd98590000 - 0x00007ffd98599000 	C:\temp\contents\sts-4.13.1.RELEASE\plugins\org.eclipse.justj.openjdk.hotspot.jre.full.win32.x86_64_17.0.1.v20211116-1657\jre\bin\management.dll
0x00007ffd98580000 - 0x00007ffd9858b000 	C:\temp\contents\sts-4.13.1.RELEASE\plugins\org.eclipse.justj.openjdk.hotspot.jre.full.win32.x86_64_17.0.1.v20211116-1657\jre\bin\management_ext.dll
0x00007ffd9e1d0000 - 0x00007ffd9e1e5000 	C:\Windows\system32\napinsp.dll
0x00007ffd9e1b0000 - 0x00007ffd9e1ca000 	C:\Windows\system32\pnrpnsp.dll
0x00007ffda96a0000 - 0x00007ffda96bb000 	C:\Windows\system32\NLAapi.dll
0x00007ffdac150000 - 0x00007ffdac1f4000 	C:\Windows\SYSTEM32\DNSAPI.dll
0x00007ffd9e1a0000 - 0x00007ffd9e1ad000 	C:\Windows\System32\winrnr.dll
0x00007ffda2000000 - 0x00007ffda200a000 	C:\Windows\System32\rasadhlp.dll
0x00007ffda7c20000 - 0x00007ffda7c4a000 	C:\Windows\SYSTEM32\IPHLPAPI.DLL
0x00007ffda7c00000 - 0x00007ffda7c0a000 	C:\Windows\SYSTEM32\WINNSI.DLL
0x00007ffda7830000 - 0x00007ffda789b000 	C:\Windows\System32\fwpuclnt.dll
0x00007ffdac3b0000 - 0x00007ffdac3d0000 	C:\Windows\SYSTEM32\CRYPTSP.dll
0x00007ffdabfd0000 - 0x00007ffdac006000 	C:\Windows\system32\rsaenh.dll
0x00007ffdac620000 - 0x00007ffdac646000 	C:\Windows\SYSTEM32\bcrypt.dll
0x00007ffdac0e0000 - 0x00007ffdac101000 	C:\Windows\SYSTEM32\USERENV.dll
0x00007ffdac920000 - 0x00007ffdac983000 	C:\Windows\system32\bcryptprimitives.dll
0x00007ffdaca90000 - 0x00007ffdaca9b000 	C:\Windows\SYSTEM32\CRYPTBASE.dll
0x00007ffda7800000 - 0x00007ffda7816000 	C:\Windows\SYSTEM32\dhcpcsvc6.DLL
0x00007ffda7990000 - 0x00007ffda79aa000 	C:\Windows\SYSTEM32\dhcpcsvc.DLL
0x00007ffd9e250000 - 0x00007ffd9e260000 	C:\temp\contents\sts-4.13.1.RELEASE\plugins\org.eclipse.justj.openjdk.hotspot.jre.full.win32.x86_64_17.0.1.v20211116-1657\jre\bin\verify.dll

dbghelp: loaded successfully - version: 4.0.5 - missing functions: none
symbol engine: initialized successfully - sym options: 0x614 - pdb path: .;C:\temp\contents\sts-4.13.1.RELEASE\plugins\org.eclipse.justj.openjdk.hotspot.jre.full.win32.x86_64_17.0.1.v20211116-1657\jre\bin;C:\Windows\SYSTEM32;C:\Windows\WinSxS\amd64_microsoft.windows.common-controls_6595b64144ccf1df_6.0.9600.18006_none_623f33d3ecbe86e8;C:\temp\contents\sts-4.13.1.RELEASE\plugins\org.eclipse.justj.openjdk.hotspot.jre.full.win32.x86_64_17.0.1.v20211116-1657\jre\bin\server

VM Arguments:
jvm_args: -Dcom.sun.management.jmxremote -Dcom.sun.management.jmxremote.port=49254 -Dcom.sun.management.jmxremote.authenticate=false -Dcom.sun.management.jmxremote.ssl=false -Djava.rmi.server.hostname=localhost -Dspring.jmx.enabled=true -Dspring.application.admin.enabled=true -XX:TieredStopAtLevel=1 -Dspring.boot.project.name=dsmovie -Dfile.encoding=UTF-8 -XX:+ShowCodeDetailsInExceptionMessages 
java_command: com.devsuperior.dsmovie.DsmovieApplication --spring.output.ansi.enabled=always
java_class_path (initial): C:\Projetos\dsmovie\backend\target\classes;C:\Users\pc2\.m2\repository\org\springframework\boot\spring-boot-starter-data-jpa\2.6.4\spring-boot-starter-data-jpa-2.6.4.jar;C:\Users\pc2\.m2\repository\org\springframework\boot\spring-boot-starter-aop\2.6.4\spring-boot-starter-aop-2.6.4.jar;C:\Users\pc2\.m2\repository\org\aspectj\aspectjweaver\1.9.7\aspectjweaver-1.9.7.jar;C:\Users\pc2\.m2\repository\org\springframework\boot\spring-boot-starter-jdbc\2.6.4\spring-boot-starter-jdbc-2.6.4.jar;C:\Users\pc2\.m2\repository\com\zaxxer\HikariCP\4.0.3\HikariCP-4.0.3.jar;C:\Users\pc2\.m2\repository\org\springframework\spring-jdbc\5.3.16\spring-jdbc-5.3.16.jar;C:\Users\pc2\.m2\repository\jakarta\transaction\jakarta.transaction-api\1.3.3\jakarta.transaction-api-1.3.3.jar;C:\Users\pc2\.m2\repository\jakarta\persistence\jakarta.persistence-api\2.2.3\jakarta.persistence-api-2.2.3.jar;C:\Users\pc2\.m2\repository\org\hibernate\hibernate-core\5.6.5.Final\hibernate-core-5.6.5.Final.jar;C:\Users\pc2\.m2\repository\org\jboss\logging\jboss-logging\3.4.3.Final\jboss-logging-3.4.3.Final.jar;C:\Users\pc2\.m2\repository\net\bytebuddy\byte-buddy\1.11.22\byte-buddy-1.11.22.jar;C:\Users\pc2\.m2\repository\antlr\antlr\2.7.7\antlr-2.7.7.jar;C:\Users\pc2\.m2\repository\org\jboss\jandex\2.4.2.Final\jandex-2.4.2.Final.jar;C:\Users\pc2\.m2\repository\com\fasterxml\classmate\1.5.1\classmate-1.5.1.jar;C:\Users\pc2\.m2\repository\org\hibernate\common\hibernate-commons-annotations\5.1.2.Final\hibernate-commons-annotations-5.1.2.Final.jar;C:\Users\pc2\.m2\repository\org\glassfish\jaxb\jaxb-runtime\2.3.6\jaxb-runtime-2.3.6.jar;C:\Users\pc2\.m2\repository\org\glassfish\jaxb\txw2\2.3.6\txw2-2.3.6.jar;C:\Users\pc2\.m2\repository\com\sun\istack\istack-commons-runtime\3.0.12\istack-commons-runtime-3.0.12.jar;C:\Users\pc2\.m2\repository\com\sun\activation\jakarta.activation\1.2.2\jakarta.activation-1.2.2.jar;C:\Users\pc2\.m2\repository\org\springframework\data\spring-data-jpa\2.6.2\spring
Launcher Type: SUN_STANDARD

[Global flags]
     intx CICompilerCount                          = 2                                         {product} {ergonomic}
     uint ConcGCThreads                            = 1                                         {product} {ergonomic}
     uint G1ConcRefinementThreads                  = 2                                         {product} {ergonomic}
   size_t G1HeapRegionSize                         = 1048576                                   {product} {ergonomic}
    uintx GCDrainStackTargetSize                   = 64                                        {product} {ergonomic}
   size_t InitialHeapSize                          = 33554432                                  {product} {ergonomic}
     bool ManagementServer                         = true                                      {product} {command line}
   size_t MarkStackSize                            = 4194304                                   {product} {ergonomic}
   size_t MaxHeapSize                              = 509607936                                 {product} {ergonomic}
   size_t MaxNewSize                               = 305135616                                 {product} {ergonomic}
   size_t MinHeapDeltaBytes                        = 1048576                                   {product} {ergonomic}
   size_t MinHeapSize                              = 8388608                                   {product} {ergonomic}
    uintx NonProfiledCodeHeapSize                  = 0                                      {pd product} {ergonomic}
     bool ProfileInterpreter                       = false                                  {pd product} {command line}
    uintx ProfiledCodeHeapSize                     = 0                                      {pd product} {ergonomic}
     bool ShowCodeDetailsInExceptionMessages       = true                                   {manageable} {command line}
   size_t SoftMaxHeapSize                          = 509607936                              {manageable} {ergonomic}
     intx TieredStopAtLevel                        = 1                                         {product} {command line}
     bool UseCompressedClassPointers               = true                           {product lp64_product} {ergonomic}
     bool UseCompressedOops                        = true                           {product lp64_product} {ergonomic}
     bool UseG1GC                                  = true                                      {product} {ergonomic}
     bool UseLargePagesIndividualAllocation        = false                                  {pd product} {ergonomic}

Logging:
Log output configuration:
 #0: stdout all=warning uptime,level,tags
 #1: stderr all=off uptime,level,tags

Environment Variables:
JAVA_HOME=C:\Program Files\Java\zulu11.48.21-ca-jdk11.0.11-win_x64
PATH=C:/temp/contents/sts-4.13.1.RELEASE//plugins/org.eclipse.justj.openjdk.hotspot.jre.full.win32.x86_64_17.0.1.v20211116-1657/jre/bin/server;C:/temp/contents/sts-4.13.1.RELEASE//plugins/org.eclipse.justj.openjdk.hotspot.jre.full.win32.x86_64_17.0.1.v20211116-1657/jre/bin;C:\Windows\system32;C:\Windows;C:\Windows\System32\Wbem;C:\Windows\System32\WindowsPowerShell\v1.0\;C:\Program Files\Java\zulu11.48.21-ca-jdk11.0.11-win_x64\bin;C:\Program Files\Git\cmd;C:\Program Files\nodejs\;;C:\Users\pc2\AppData\Local\Programs\Microsoft VS Code\bin;C:\Users\pc2\AppData\Roaming\npm;C:\temp\contents\sts-4.13.1.RELEASE;
USERNAME=pc2
OS=Windows_NT
PROCESSOR_IDENTIFIER=Intel64 Family 6 Model 58 Stepping 9, GenuineIntel



---------------  S Y S T E M  ---------------

OS:
 Windows 8.1 , 64 bit Build 9600 (6.3.9600.17415)
OS uptime: 0 days 0:29 hours

CPU: total 2 (initial active 2) (2 cores per cpu, 1 threads per core) family 6 model 58 stepping 9 microcode 0x1b, cx8, cmov, fxsr, mmx, sse, sse2, sse3, ssse3, sse4.1, sse4.2, popcnt, tsc, tscinvbit, erms, clmul, clflush

Memory: 4k page, system-wide physical 1942M (163M free)
TotalPageFile size 1942M (AvailPageFile size 2M)
current process WorkingSet (physical memory assigned to process): 159M, peak: 159M
current process commit charge ("private bytes"): 179M, peak: 180M

vm_info: OpenJDK 64-Bit Server VM (17.0.1+12) for windows-amd64 JRE (17.0.1+12), built on Oct 20 2021 07:42:55 by "" with MS VC++ 16.7 (VS2019)

END.
