#
# There is insufficient memory for the Java Runtime Environment to continue.
# Native memory allocation (mmap) failed to map 15728640 bytes for G1 virtual space
# Possible reasons:
#   The system is out of physical RAM or swap space
#   The process is running with CompressedOops enabled, and the Java Heap may be blocking the growth of the native heap
# Possible solutions:
#   Reduce memory load on the system
#   Increase physical memory or swap space
#   Check if swap backing store is full
#   Decrease Java heap size (-Xmx/-Xms)
#   Decrease number of Java threads
#   Decrease Java thread stack sizes (-Xss)
#   Set larger code cache with -XX:ReservedCodeCacheSize=
#   JVM is running with Unscaled Compressed Oops mode in which the Java heap is
#     placed in the first 4GB address space. The Java Heap base address is the
#     maximum limit for the native heap growth. Please use -XX:HeapBaseMinAddress
#     to set the Java Heap base and to place the Java Heap above 4GB virtual address.
# This output file may be truncated or incomplete.
#
#  Out of Memory Error (os_windows.cpp:3469), pid=2820, tid=3464
#
# JRE version: OpenJDK Runtime Environment Temurin-17.0.1+12 (17.0.1+12) (build 17.0.1+12)
# Java VM: OpenJDK 64-Bit Server VM Temurin-17.0.1+12 (17.0.1+12, mixed mode, emulated-client, tiered, compressed oops, compressed class ptrs, g1 gc, windows-amd64)
# No core dump will be written. Minidumps are not enabled by default on client versions of Windows
#

---------------  S U M M A R Y ------------

Command Line: -Dcom.sun.management.jmxremote -Dcom.sun.management.jmxremote.port=55960 -Dcom.sun.management.jmxremote.authenticate=false -Dcom.sun.management.jmxremote.ssl=false -Djava.rmi.server.hostname=localhost -Dspring.jmx.enabled=true -Dspring.application.admin.enabled=true -XX:TieredStopAtLevel=1 -Dspring.boot.project.name=dsmovie -Dfile.encoding=UTF-8 -XX:+ShowCodeDetailsInExceptionMessages com.devsuperior.dsmovie.DsmovieApplication --spring.output.ansi.enabled=always

Host: Intel(R) Celeron(R) CPU 1037U @ 1.80GHz, 2 cores, 1G,  Windows 8.1 , 64 bit Build 9600 (6.3.9600.17415)
Time: Mon Mar 14 01:46:51 2022 Hora oficial do Brasil elapsed time: 5.842163 seconds (0d 0h 0m 5s)

---------------  T H R E A D  ---------------

Current thread (0x00000081cf37ea10):  VMThread "VM Thread" [stack: 0x00000081cf420000,0x00000081cf520000] [id=3464]

Stack: [0x00000081cf420000,0x00000081cf520000]
Native frames: (J=compiled Java code, j=interpreted, Vv=VM code, C=native code)
V  [jvm.dll+0x6744da]
V  [jvm.dll+0x82e144]
V  [jvm.dll+0x82f8ee]
V  [jvm.dll+0x82ff53]
V  [jvm.dll+0x245175]
V  [jvm.dll+0x6714c9]
V  [jvm.dll+0x665f92]
V  [jvm.dll+0x303c3b]
V  [jvm.dll+0x30b176]
V  [jvm.dll+0x35af1e]
V  [jvm.dll+0x35b14f]
V  [jvm.dll+0x2dab78]
V  [jvm.dll+0x2d8e2c]
V  [jvm.dll+0x2d83fc]
V  [jvm.dll+0x31c24b]
V  [jvm.dll+0x8343bb]
V  [jvm.dll+0x8350f4]
V  [jvm.dll+0x83560c]
V  [jvm.dll+0x8359e4]
V  [jvm.dll+0x835ab0]
V  [jvm.dll+0x7de51a]
V  [jvm.dll+0x673305]
C  [ucrtbase.DLL+0x1c1ae]
C  [KERNEL32.DLL+0x13d2]
C  [ntdll.dll+0x154f4]

VM_Operation (0x00000081c4eed170): G1CollectForAllocation, mode: safepoint, requested by thread 0x00000081c574fd60


---------------  P R O C E S S  ---------------

Threads class SMR info:
_java_thread_list=0x00000081d364f9f0, length=20, elements={
0x00000081c574fd60, 0x00000081cf3a63f0, 0x00000081cf3a8060, 0x00000081cf38e7a0,
0x00000081cf38f060, 0x00000081cf38fc10, 0x00000081cf3905c0, 0x00000081cf3cb020,
0x00000081cf3ff040, 0x00000081cf41e830, 0x00000081c57bdff0, 0x00000081d0865900,
0x00000081d1119280, 0x00000081d111a410, 0x00000081d1120230, 0x00000081d11118a0,
0x00000081c5750d10, 0x00000081d12bc070, 0x00000081d13033a0, 0x00000081d371d030
}

Java Threads: ( => current thread )
  0x00000081c574fd60 JavaThread "main" [_thread_blocked, id=2696, stack(0x00000081c4df0000,0x00000081c4ef0000)]
  0x00000081cf3a63f0 JavaThread "Reference Handler" daemon [_thread_blocked, id=2924, stack(0x00000081cf520000,0x00000081cf620000)]
  0x00000081cf3a8060 JavaThread "Finalizer" daemon [_thread_blocked, id=3924, stack(0x00000081cf620000,0x00000081cf720000)]
  0x00000081cf38e7a0 JavaThread "Signal Dispatcher" daemon [_thread_blocked, id=1900, stack(0x00000081d00f0000,0x00000081d01f0000)]
  0x00000081cf38f060 JavaThread "Attach Listener" daemon [_thread_blocked, id=3228, stack(0x00000081d01f0000,0x00000081d02f0000)]
  0x00000081cf38fc10 JavaThread "Service Thread" daemon [_thread_blocked, id=3840, stack(0x00000081d02f0000,0x00000081d03f0000)]
  0x00000081cf3905c0 JavaThread "Monitor Deflation Thread" daemon [_thread_blocked, id=3368, stack(0x00000081d03f0000,0x00000081d04f0000)]
  0x00000081cf3cb020 JavaThread "C1 CompilerThread0" daemon [_thread_blocked, id=2876, stack(0x00000081d04f0000,0x00000081d05f0000)]
  0x00000081cf3ff040 JavaThread "Sweeper thread" daemon [_thread_blocked, id=836, stack(0x00000081d05f0000,0x00000081d06f0000)]
  0x00000081cf41e830 JavaThread "Common-Cleaner" daemon [_thread_blocked, id=284, stack(0x00000081d0af0000,0x00000081d0bf0000)]
  0x00000081c57bdff0 JavaThread "C1 CompilerThread1" daemon [_thread_blocked, id=3472, stack(0x00000081d0bf0000,0x00000081d0cf0000)]
  0x00000081d0865900 JavaThread "Notification Thread" daemon [_thread_blocked, id=3068, stack(0x00000081d0cf0000,0x00000081d0df0000)]
  0x00000081d1119280 JavaThread "RMI TCP Accept-0" daemon [_thread_in_native, id=2780, stack(0x00000081d22e0000,0x00000081d23e0000)]
  0x00000081d111a410 JavaThread "RMI TCP Accept-55960" daemon [_thread_in_native, id=3412, stack(0x00000081d23e0000,0x00000081d24e0000)]
  0x00000081d1120230 JavaThread "RMI TCP Connection(1)-127.0.0.1" daemon [_thread_in_native, id=3224, stack(0x00000081d24e0000,0x00000081d25e0000)]
  0x00000081d11118a0 JavaThread "RMI TCP Accept-0" daemon [_thread_in_native, id=3616, stack(0x00000081d25e0000,0x00000081d26e0000)]
  0x00000081c5750d10 JavaThread "RMI Scheduler(0)" daemon [_thread_blocked, id=3948, stack(0x00000081d27e0000,0x00000081d28e0000)]
  0x00000081d12bc070 JavaThread "RMI TCP Connection(2)-127.0.0.1" daemon [_thread_blocked, id=1580, stack(0x00000081d28e0000,0x00000081d29e0000)]
  0x00000081d13033a0 JavaThread "JMX server connection timeout 20" daemon [_thread_blocked, id=3080, stack(0x00000081d29e0000,0x00000081d2ae0000)]
  0x00000081d371d030 JavaThread "Thread-0" [_thread_blocked, id=1540, stack(0x00000081d43d0000,0x00000081d44d0000)]

Other Threads:
=>0x00000081cf37ea10 VMThread "VM Thread" [stack: 0x00000081cf420000,0x00000081cf520000] [id=3464]
  0x00000081d1120ab0 WatcherThread [stack: 0x00000081d26e0000,0x00000081d27e0000] [id=3452]
  0x00000081c5774b90 GCTaskThread "GC Thread#0" [stack: 0x00000081c54b0000,0x00000081c55b0000] [id=3912]
  0x00000081d08efd50 GCTaskThread "GC Thread#1" [stack: 0x00000081d15f0000,0x00000081d16f0000] [id=1928]
  0x00000081c5779810 ConcurrentGCThread "G1 Main Marker" [stack: 0x00000081c55b0000,0x00000081c56b0000] [id=3880]
  0x00000081c577afa0 ConcurrentGCThread "G1 Conc#0" [stack: 0x00000081ccd00000,0x00000081cce00000] [id=1420]
  0x00000081c57ad370 ConcurrentGCThread "G1 Refine#0" [stack: 0x00000081cf020000,0x00000081cf120000] [id=2644]
  0x00000081c57aeb00 ConcurrentGCThread "G1 Service" [stack: 0x00000081cf120000,0x00000081cf220000] [id=3660]

Threads with active compile tasks:

VM state: at safepoint (normal execution)

VM Mutex/Monitor currently owned by a thread:  ([mutex/lock_event])
[0x00000081c574b080] Threads_lock - owner thread: 0x00000081cf37ea10
[0x00000081c574b2c0] Heap_lock - owner thread: 0x00000081c574fd60

Heap address: 0x00000000e1a00000, size: 486 MB, Compressed Oops mode: 32-bit

CDS archive(s) not mapped
Compressed class space mapped at: 0x0000000100000000-0x0000000140000000, reserved size: 1073741824
Narrow klass base: 0x0000000000000000, Narrow klass shift: 3, Narrow klass range: 0x140000000

GC Precious Log:
 CPUs: 2 total, 2 available
 Memory: 1942M
 Large Page Support: Disabled
 NUMA Support: Disabled
 Compressed Oops: Enabled (32-bit)
 Heap Region Size: 1M
 Heap Min Capacity: 8M
 Heap Initial Capacity: 32M
 Heap Max Capacity: 486M
 Pre-touch: Disabled
 Parallel Workers: 2
 Concurrent Workers: 1
 Concurrent Refinement Workers: 2
 Periodic GC: Disabled

Heap:
 garbage-first heap   total 32768K, used 10682K [0x00000000e1a00000, 0x0000000100000000)
  region size 1024K, 1 young (1024K), 1 survivors (1024K)
 Metaspace       used 25984K, committed 26304K, reserved 1073152K
  class space    used 3081K, committed 3200K, reserved 1048576K

Heap Regions: E=young(eden), S=young(survivor), O=old, HS=humongous(starts), HC=humongous(continues), CS=collection set, F=free, OA=open archive, CA=closed archive, TAMS=top-at-mark-start (previous, next)
|   0|0x00000000e1a00000, 0x00000000e1b00000, 0x00000000e1b00000|100%|HS|  |TAMS 0x00000000e1b00000, 0x00000000e1a00000| Complete 
|   1|0x00000000e1b00000, 0x00000000e1c00000, 0x00000000e1c00000|100%| O|  |TAMS 0x00000000e1c00000, 0x00000000e1b00000| Untracked 
|   2|0x00000000e1c00000, 0x00000000e1d00000, 0x00000000e1d00000|100%| O|  |TAMS 0x00000000e1d00000, 0x00000000e1c00000| Untracked 
|   3|0x00000000e1d00000, 0x00000000e1e00000, 0x00000000e1e00000|100%| O|  |TAMS 0x00000000e1e00000, 0x00000000e1d00000| Untracked 
|   4|0x00000000e1e00000, 0x00000000e1e00000, 0x00000000e1f00000|  0%| F|  |TAMS 0x00000000e1e00000, 0x00000000e1e00000| Untracked 
|   5|0x00000000e1f00000, 0x00000000e2000000, 0x00000000e2000000|100%| O|  |TAMS 0x00000000e2000000, 0x00000000e1f00000| Untracked 
|   6|0x00000000e2000000, 0x00000000e2100000, 0x00000000e2100000|100%| O|  |TAMS 0x00000000e2100000, 0x00000000e2000000| Untracked 
|   7|0x00000000e2100000, 0x00000000e2200000, 0x00000000e2200000|100%| O|  |TAMS 0x00000000e21b8a00, 0x00000000e2100000| Untracked 
|   8|0x00000000e2200000, 0x00000000e2300000, 0x00000000e2300000|100%| O|  |TAMS 0x00000000e2200000, 0x00000000e2200000| Untracked 
|   9|0x00000000e2300000, 0x00000000e2400000, 0x00000000e2400000|100%| O|  |TAMS 0x00000000e2300000, 0x00000000e2300000| Untracked 
|  10|0x00000000e2400000, 0x00000000e24ae000, 0x00000000e2500000| 67%| O|  |TAMS 0x00000000e2400000, 0x00000000e2400000| Untracked 
|  11|0x00000000e2500000, 0x00000000e2500000, 0x00000000e2600000|  0%| F|  |TAMS 0x00000000e2500000, 0x00000000e2500000| Untracked 
|  12|0x00000000e2600000, 0x00000000e2600000, 0x00000000e2700000|  0%| F|  |TAMS 0x00000000e2600000, 0x00000000e2600000| Untracked 
|  13|0x00000000e2700000, 0x00000000e2700000, 0x00000000e2800000|  0%| F|  |TAMS 0x00000000e2700000, 0x00000000e2700000| Untracked 
|  14|0x00000000e2800000, 0x00000000e2800000, 0x00000000e2900000|  0%| F|  |TAMS 0x00000000e2800000, 0x00000000e2800000| Untracked 
|  15|0x00000000e2900000, 0x00000000e2900000, 0x00000000e2a00000|  0%| F|  |TAMS 0x00000000e2900000, 0x00000000e2900000| Untracked 
|  16|0x00000000e2a00000, 0x00000000e2a00000, 0x00000000e2b00000|  0%| F|  |TAMS 0x00000000e2a00000, 0x00000000e2a00000| Untracked 
|  17|0x00000000e2b00000, 0x00000000e2b00000, 0x00000000e2c00000|  0%| F|  |TAMS 0x00000000e2b00000, 0x00000000e2b00000| Untracked 
|  18|0x00000000e2c00000, 0x00000000e2cc0860, 0x00000000e2d00000| 75%| S|CS|TAMS 0x00000000e2c00000, 0x00000000e2c00000| Complete 
|  19|0x00000000e2d00000, 0x00000000e2d00000, 0x00000000e2e00000|  0%| F|  |TAMS 0x00000000e2d00000, 0x00000000e2d00000| Untracked 
|  20|0x00000000e2e00000, 0x00000000e2e00000, 0x00000000e2f00000|  0%| F|  |TAMS 0x00000000e2e00000, 0x00000000e2e00000| Untracked 
|  21|0x00000000e2f00000, 0x00000000e2f00000, 0x00000000e3000000|  0%| F|  |TAMS 0x00000000e2f00000, 0x00000000e2f00000| Untracked 
|  22|0x00000000e3000000, 0x00000000e3000000, 0x00000000e3100000|  0%| F|  |TAMS 0x00000000e3000000, 0x00000000e3000000| Untracked 
|  23|0x00000000e3100000, 0x00000000e3100000, 0x00000000e3200000|  0%| F|  |TAMS 0x00000000e3100000, 0x00000000e3100000| Untracked 
|  24|0x00000000e3200000, 0x00000000e3200000, 0x00000000e3300000|  0%| F|  |TAMS 0x00000000e3200000, 0x00000000e3200000| Untracked 
|  25|0x00000000e3300000, 0x00000000e3300000, 0x00000000e3400000|  0%| F|  |TAMS 0x00000000e3300000, 0x00000000e3300000| Untracked 
|  26|0x00000000e3400000, 0x00000000e3400000, 0x00000000e3500000|  0%| F|  |TAMS 0x00000000e3400000, 0x00000000e3400000| Untracked 
|  27|0x00000000e3500000, 0x00000000e3500000, 0x00000000e3600000|  0%| F|  |TAMS 0x00000000e3500000, 0x00000000e3500000| Untracked 
|  28|0x00000000e3600000, 0x00000000e3600000, 0x00000000e3700000|  0%| F|  |TAMS 0x00000000e3600000, 0x00000000e3600000| Untracked 
|  29|0x00000000e3700000, 0x00000000e3700000, 0x00000000e3800000|  0%| F|  |TAMS 0x00000000e3700000, 0x00000000e3700000| Untracked 
|  30|0x00000000e3800000, 0x00000000e3800000, 0x00000000e3900000|  0%| F|  |TAMS 0x00000000e3800000, 0x00000000e3800000| Untracked 
|  31|0x00000000e3900000, 0x00000000e3900000, 0x00000000e3a00000|  0%| F|  |TAMS 0x00000000e3900000, 0x00000000e3900000| Untracked 

Card table byte_map: [0x00000081c5290000,0x00000081c5390000] _byte_map_base: 0x00000081c4b83000

Marking Bits (Prev, Next): (CMBitMap*) 0x00000081c57751e0, (CMBitMap*) 0x00000081c57751a0
 Prev Bits: [0x00000081cc560000, 0x00000081cccf8000)
 Next Bits: [0x00000081cbdc0000, 0x00000081cc558000)

Polling page: 0x00000081c4ef0000

Metaspace:

Usage:
  Non-class:     22.37 MB used.
      Class:      3.01 MB used.
       Both:     25.38 MB used.

Virtual space:
  Non-class space:       24.00 MB reserved,      22.56 MB ( 94%) committed,  3 nodes.
      Class space:        1.00 GB reserved,       3.13 MB ( <1%) committed,  1 nodes.
             Both:        1.02 GB reserved,      25.69 MB (  2%) committed. 

Chunk freelists:
   Non-Class:  560.00 KB
       Class:  928.00 KB
        Both:  1.45 MB

MaxMetaspaceSize: unlimited
CompressedClassSpaceSize: 1.00 GB
Initial GC threshold: 21.00 MB
Current GC threshold: 35.25 MB
CDS: off
MetaspaceReclaimPolicy: balanced
 - commit_granule_bytes: 65536.
 - commit_granule_words: 8192.
 - virtual_space_node_default_size: 1048576.
 - enlarge_chunks_in_place: 1.
 - new_chunks_are_fully_committed: 0.
 - uncommit_free_chunks: 1.
 - use_allocation_guard: 0.
 - handle_deallocations: 1.


Internal statistics:

num_allocs_failed_limit: 3.
num_arena_births: 278.
num_arena_deaths: 4.
num_vsnodes_births: 4.
num_vsnodes_deaths: 0.
num_space_committed: 411.
num_space_uncommitted: 0.
num_chunks_returned_to_freelist: 9.
num_chunks_taken_from_freelist: 802.
num_chunk_merges: 3.
num_chunk_splits: 536.
num_chunks_enlarged: 390.
num_purges: 2.
num_inconsistent_stats: 0.

CodeCache: size=49152Kb used=5067Kb max_used=5067Kb free=44084Kb
 bounds [0x00000081c8dc0000, 0x00000081c92c0000, 0x00000081cbdc0000]
 total_blobs=2738 nmethods=2264 adapters=401
 compilation: enabled
              stopped_count=0, restarted_count=0
 full_count=0

Compilation events (20 events):
Event: 5.631 Thread 0x00000081cf3cb020 nmethod 2255 0x00000081c92af890 code [0x00000081c92afa20, 0x00000081c92afaf8]
Event: 5.631 Thread 0x00000081c57bdff0 nmethod 2254 0x00000081c92afb90 code [0x00000081c92afd40, 0x00000081c92afec8]
Event: 5.631 Thread 0x00000081c57bdff0 2256       1       java.lang.Class::annotationData (44 bytes)
Event: 5.631 Thread 0x00000081cf3cb020 2257       1       org.springframework.core.annotation.AttributeMethods::forAnnotationType (26 bytes)
Event: 5.632 Thread 0x00000081c57bdff0 nmethod 2256 0x00000081c92b0010 code [0x00000081c92b01c0, 0x00000081c92b03a8]
Event: 5.632 Thread 0x00000081cf3cb020 nmethod 2257 0x00000081c92b0490 code [0x00000081c92b0640, 0x00000081c92b0788]
Event: 5.646 Thread 0x00000081c57bdff0 2258       1       org.springframework.context.annotation.ConfigurationClassParser$SourceClass::getMetadata (5 bytes)
Event: 5.646 Thread 0x00000081c57bdff0 nmethod 2258 0x00000081c92b0810 code [0x00000081c92b09a0, 0x00000081c92b0a78]
Event: 5.675 Thread 0x00000081cf3cb020 2259       1       java.util.stream.Sink::begin (1 bytes)
Event: 5.675 Thread 0x00000081cf3cb020 nmethod 2259 0x00000081c92b0b10 code [0x00000081c92b0ca0, 0x00000081c92b0d58]
Event: 5.724 Thread 0x00000081c57bdff0 2260 %     1       java.util.Properties::load0 @ 29 (249 bytes)
Event: 5.725 Thread 0x00000081c57bdff0 nmethod 2260% 0x00000081c92b0e10 code [0x00000081c92b1000, 0x00000081c92b14e8]
Event: 5.725 Thread 0x00000081cf3cb020 2261       1       java.util.Properties::load0 (249 bytes)
Event: 5.726 Thread 0x00000081cf3cb020 nmethod 2261 0x00000081c92b1810 code [0x00000081c92b1a00, 0x00000081c92b1dc8]
Event: 5.744 Thread 0x00000081cf3cb020 2262 %     1       sun.nio.cs.ISO_8859_1$Encoder::implEncodeISOArray @ 3 (47 bytes)
Event: 5.745 Thread 0x00000081cf3cb020 nmethod 2262% 0x00000081c92b2390 code [0x00000081c92b2520, 0x00000081c92b26f8]
Event: 5.783 Thread 0x00000081c57bdff0 2263       1       java.util.Arrays$ArrayList::iterator (12 bytes)
Event: 5.783 Thread 0x00000081c57bdff0 nmethod 2263 0x00000081c92b2810 code [0x00000081c92b29a0, 0x00000081c92b2b18]
Event: 5.784 Thread 0x00000081cf3cb020 2264       1       java.util.Arrays$ArrayItr::<init> (10 bytes)
Event: 5.784 Thread 0x00000081cf3cb020 nmethod 2264 0x00000081c92b2b90 code [0x00000081c92b2d20, 0x00000081c92b2e38]

GC Heap History (19 events):
Event: 0.849 GC heap before
{Heap before GC invocations=0 (full 0):
 garbage-first heap   total 32768K, used 7168K [0x00000000e1a00000, 0x0000000100000000)
  region size 1024K, 6 young (6144K), 0 survivors (0K)
 Metaspace       used 7100K, committed 7232K, reserved 1056768K
  class space    used 621K, committed 704K, reserved 1048576K
}
Event: 0.863 GC heap after
{Heap after GC invocations=1 (full 0):
 garbage-first heap   total 32768K, used 4294K [0x00000000e1a00000, 0x0000000100000000)
  region size 1024K, 1 young (1024K), 1 survivors (1024K)
 Metaspace       used 7100K, committed 7232K, reserved 1056768K
  class space    used 621K, committed 704K, reserved 1048576K
}
Event: 1.402 GC heap before
{Heap before GC invocations=1 (full 0):
 garbage-first heap   total 32768K, used 7366K [0x00000000e1a00000, 0x0000000100000000)
  region size 1024K, 4 young (4096K), 1 survivors (1024K)
 Metaspace       used 9723K, committed 9856K, reserved 1064960K
  class space    used 939K, committed 1024K, reserved 1048576K
}
Event: 1.407 GC heap after
{Heap after GC invocations=2 (full 0):
 garbage-first heap   total 32768K, used 5965K [0x00000000e1a00000, 0x0000000100000000)
  region size 1024K, 1 young (1024K), 1 survivors (1024K)
 Metaspace       used 9723K, committed 9856K, reserved 1064960K
  class space    used 939K, committed 1024K, reserved 1048576K
}
Event: 2.030 GC heap before
{Heap before GC invocations=2 (full 0):
 garbage-first heap   total 32768K, used 12109K [0x00000000e1a00000, 0x0000000100000000)
  region size 1024K, 7 young (7168K), 1 survivors (1024K)
 Metaspace       used 14073K, committed 14272K, reserved 1064960K
  class space    used 1462K, committed 1536K, reserved 1048576K
}
Event: 2.038 GC heap after
{Heap after GC invocations=3 (full 0):
 garbage-first heap   total 32768K, used 7066K [0x00000000e1a00000, 0x0000000100000000)
  region size 1024K, 1 young (1024K), 1 survivors (1024K)
 Metaspace       used 14073K, committed 14272K, reserved 1064960K
  class space    used 1462K, committed 1536K, reserved 1048576K
}
Event: 2.768 GC heap before
{Heap before GC invocations=3 (full 0):
 garbage-first heap   total 32768K, used 14234K [0x00000000e1a00000, 0x0000000100000000)
  region size 1024K, 8 young (8192K), 1 survivors (1024K)
 Metaspace       used 15652K, committed 15936K, reserved 1064960K
  class space    used 1663K, committed 1792K, reserved 1048576K
}
Event: 2.778 GC heap after
{Heap after GC invocations=4 (full 0):
 garbage-first heap   total 32768K, used 7959K [0x00000000e1a00000, 0x0000000100000000)
  region size 1024K, 1 young (1024K), 1 survivors (1024K)
 Metaspace       used 15652K, committed 15936K, reserved 1064960K
  class space    used 1663K, committed 1792K, reserved 1048576K
}
Event: 3.468 GC heap before
{Heap before GC invocations=4 (full 0):
 garbage-first heap   total 32768K, used 16151K [0x00000000e1a00000, 0x0000000100000000)
  region size 1024K, 9 young (9216K), 1 survivors (1024K)
 Metaspace       used 18099K, committed 18304K, reserved 1073152K
  class space    used 2004K, committed 2112K, reserved 1048576K
}
Event: 3.474 GC heap after
{Heap after GC invocations=5 (full 0):
 garbage-first heap   total 32768K, used 8696K [0x00000000e1a00000, 0x0000000100000000)
  region size 1024K, 2 young (2048K), 2 survivors (2048K)
 Metaspace       used 18099K, committed 18304K, reserved 1073152K
  class space    used 2004K, committed 2112K, reserved 1048576K
}
Event: 4.313 GC heap before
{Heap before GC invocations=5 (full 0):
 garbage-first heap   total 32768K, used 18936K [0x00000000e1a00000, 0x0000000100000000)
  region size 1024K, 13 young (13312K), 2 survivors (2048K)
 Metaspace       used 20458K, committed 20736K, reserved 1073152K
  class space    used 2374K, committed 2496K, reserved 1048576K
}
Event: 4.322 GC heap after
{Heap after GC invocations=6 (full 0):
 garbage-first heap   total 32768K, used 9449K [0x00000000e1a00000, 0x0000000100000000)
  region size 1024K, 2 young (2048K), 2 survivors (2048K)
 Metaspace       used 20458K, committed 20736K, reserved 1073152K
  class space    used 2374K, committed 2496K, reserved 1048576K
}
Event: 4.627 GC heap before
{Heap before GC invocations=6 (full 0):
 garbage-first heap   total 32768K, used 12521K [0x00000000e1a00000, 0x0000000100000000)
  region size 1024K, 6 young (6144K), 2 survivors (2048K)
 Metaspace       used 21225K, committed 21504K, reserved 1073152K
  class space    used 2454K, committed 2624K, reserved 1048576K
}
Event: 4.632 GC heap after
{Heap after GC invocations=7 (full 0):
 garbage-first heap   total 32768K, used 9444K [0x00000000e1a00000, 0x0000000100000000)
  region size 1024K, 1 young (1024K), 1 survivors (1024K)
 Metaspace       used 21225K, committed 21504K, reserved 1073152K
  class space    used 2454K, committed 2624K, reserved 1048576K
}
Event: 5.250 GC heap before
{Heap before GC invocations=8 (full 0):
 garbage-first heap   total 32768K, used 20708K [0x00000000e1a00000, 0x0000000100000000)
  region size 1024K, 13 young (13312K), 1 survivors (1024K)
 Metaspace       used 24276K, committed 24576K, reserved 1073152K
  class space    used 2832K, committed 2944K, reserved 1048576K
}
Event: 5.255 GC heap after
{Heap after GC invocations=9 (full 0):
 garbage-first heap   total 32768K, used 10025K [0x00000000e1a00000, 0x0000000100000000)
  region size 1024K, 2 young (2048K), 2 survivors (2048K)
 Metaspace       used 24276K, committed 24576K, reserved 1073152K
  class space    used 2832K, committed 2944K, reserved 1048576K
}
Event: 5.295 GC heap before
{Heap before GC invocations=9 (full 0):
 garbage-first heap   total 32768K, used 10025K [0x00000000e1a00000, 0x0000000100000000)
  region size 1024K, 3 young (3072K), 2 survivors (2048K)
 Metaspace       used 24439K, committed 24768K, reserved 1073152K
  class space    used 2858K, committed 3008K, reserved 1048576K
}
Event: 5.302 GC heap after
{Heap after GC invocations=10 (full 0):
 garbage-first heap   total 32768K, used 10145K [0x00000000e1a00000, 0x0000000100000000)
  region size 1024K, 1 young (1024K), 1 survivors (1024K)
 Metaspace       used 24439K, committed 24768K, reserved 1073152K
  class space    used 2858K, committed 3008K, reserved 1048576K
}
Event: 5.787 GC heap before
{Heap before GC invocations=10 (full 0):
 garbage-first heap   total 32768K, used 21409K [0x00000000e1a00000, 0x0000000100000000)
  region size 1024K, 13 young (13312K), 1 survivors (1024K)
 Metaspace       used 25984K, committed 26304K, reserved 1073152K
  class space    used 3081K, committed 3200K, reserved 1048576K
}

Deoptimization events (4 events):
Event: 1.241 Thread 0x00000081c574fd60 DEOPT PACKING pc=0x00000081c90038f5 sp=0x00000081c4eed3b0
Event: 1.241 Thread 0x00000081c574fd60 DEOPT UNPACKING pc=0x00000081c8e12b24 sp=0x00000081c4eec820 mode 3
Event: 4.814 Thread 0x00000081c574fd60 DEOPT PACKING pc=0x00000081c925b019 sp=0x00000081c4eed520
Event: 4.814 Thread 0x00000081c574fd60 DEOPT UNPACKING pc=0x00000081c8e12b24 sp=0x00000081c4eeca00 mode 3

Classes unloaded (2 events):
Event: 4.648 Thread 0x00000081cf37ea10 Unloading class 0x0000000100144000 'java/lang/invoke/LambdaForm$MH+0x0000000100144000'
Event: 4.648 Thread 0x00000081cf37ea10 Unloading class 0x0000000100143400 'java/lang/invoke/LambdaForm$MH+0x0000000100143400'

Classes redefined (0 events):
No events

Internal exceptions (20 events):
Event: 5.238 Thread 0x00000081c574fd60 Exception <a 'java/lang/ClassNotFoundException'{0x00000000e2d773f0}: org/springframework/context/annotation/ConfigurationClassPostProcessorCustomizer> (0x00000000e2d773f0) 
thrown [e:\jenkins\tmp\workspace\build\src\src\hotspot\share\classfile\systemDictionary.cpp, line 256]
Event: 5.247 Thread 0x00000081c574fd60 Exception <a 'java/lang/ClassNotFoundException'{0x00000000e2d977d8}: org/springframework/beans/factory/support/BeanDefinitionRegistryPostProcessorCustomizer> (0x00000000e2d977d8) 
thrown [e:\jenkins\tmp\workspace\build\src\src\hotspot\share\classfile\systemDictionary.cpp, line 256]
Event: 5.248 Thread 0x00000081c574fd60 Exception <a 'java/lang/ClassNotFoundException'{0x00000000e2d9d5e8}: org/springframework/beans/factory/config/BeanFactoryPostProcessorCustomizer> (0x00000000e2d9d5e8) 
thrown [e:\jenkins\tmp\workspace\build\src\src\hotspot\share\classfile\systemDictionary.cpp, line 256]
Event: 5.249 Thread 0x00000081c574fd60 Exception <a 'java/lang/ClassNotFoundException'{0x00000000e2da2fc0}: org/springframework/core/PriorityOrderedCustomizer> (0x00000000e2da2fc0) 
thrown [e:\jenkins\tmp\workspace\build\src\src\hotspot\share\classfile\systemDictionary.cpp, line 256]
Event: 5.249 Thread 0x00000081c574fd60 Exception <a 'java/lang/ClassNotFoundException'{0x00000000e2df5870}: org/springframework/core/OrderedCustomizer> (0x00000000e2df5870) 
thrown [e:\jenkins\tmp\workspace\build\src\src\hotspot\share\classfile\systemDictionary.cpp, line 256]
Event: 5.256 Thread 0x00000081c574fd60 Exception <a 'java/lang/ClassNotFoundException'{0x00000000e3911e08}: org/springframework/context/ResourceLoaderAwareCustomizer> (0x00000000e3911e08) 
thrown [e:\jenkins\tmp\workspace\build\src\src\hotspot\share\classfile\systemDictionary.cpp, line 256]
Event: 5.259 Thread 0x00000081c574fd60 Exception <a 'java/lang/ClassNotFoundException'{0x00000000e393a080}: org/springframework/beans/factory/AwareCustomizer> (0x00000000e393a080) 
thrown [e:\jenkins\tmp\workspace\build\src\src\hotspot\share\classfile\systemDictionary.cpp, line 256]
Event: 5.259 Thread 0x00000081c574fd60 Exception <a 'java/lang/ClassNotFoundException'{0x00000000e3945b18}: org/springframework/context/ApplicationStartupAwareCustomizer> (0x00000000e3945b18) 
thrown [e:\jenkins\tmp\workspace\build\src\src\hotspot\share\classfile\systemDictionary.cpp, line 256]
Event: 5.260 Thread 0x00000081c574fd60 Exception <a 'java/lang/ClassNotFoundException'{0x00000000e3950ab0}: org/springframework/beans/factory/AwareCustomizer> (0x00000000e3950ab0) 
thrown [e:\jenkins\tmp\workspace\build\src\src\hotspot\share\classfile\systemDictionary.cpp, line 256]
Event: 5.261 Thread 0x00000081c574fd60 Exception <a 'java/lang/ClassNotFoundException'{0x00000000e395d7e0}: org/springframework/beans/factory/BeanClassLoaderAwareCustomizer> (0x00000000e395d7e0) 
thrown [e:\jenkins\tmp\workspace\build\src\src\hotspot\share\classfile\systemDictionary.cpp, line 256]
Event: 5.277 Thread 0x00000081c574fd60 Exception <a 'java/lang/ClassNotFoundException'{0x00000000e3963a08}: org/springframework/beans/factory/AwareCustomizer> (0x00000000e3963a08) 
thrown [e:\jenkins\tmp\workspace\build\src\src\hotspot\share\classfile\systemDictionary.cpp, line 256]
Event: 5.278 Thread 0x00000081c574fd60 Exception <a 'java/lang/ClassNotFoundException'{0x00000000e396ed38}: org/springframework/context/EnvironmentAwareCustomizer> (0x00000000e396ed38) 
thrown [e:\jenkins\tmp\workspace\build\src\src\hotspot\share\classfile\systemDictionary.cpp, line 256]
Event: 5.279 Thread 0x00000081c574fd60 Exception <a 'java/lang/ClassNotFoundException'{0x00000000e397a690}: org/springframework/beans/factory/AwareCustomizer> (0x00000000e397a690) 
thrown [e:\jenkins\tmp\workspace\build\src\src\hotspot\share\classfile\systemDictionary.cpp, line 256]
Event: 5.431 Thread 0x00000081d34581c0 Exception <a 'java/lang/NoSuchMethodError'{0x00000000e35e3430}: 'long java.lang.invoke.DirectMethodHandle$Holder.invokeSpecial(java.lang.Object, java.lang.Object)'> (0x00000000e35e3430) 
thrown [e:\jenkins\tmp\workspace\build\src\src\hotspot\share\interpreter\linkResolver.cpp, line 766]
Event: 5.433 Thread 0x00000081d34581c0 Exception <a 'java/lang/NoSuchMethodError'{0x00000000e3426778}: 'long java.lang.invoke.DirectMethodHandle$Holder.invokeStatic(java.lang.Object, java.lang.Object)'> (0x00000000e3426778) 
thrown [e:\jenkins\tmp\workspace\build\src\src\hotspot\share\interpreter\linkResolver.cpp, line 766]
Event: 5.434 Thread 0x00000081d34581c0 Exception <a 'java/lang/NoSuchMethodError'{0x00000000e3429d78}: 'long java.lang.invoke.DirectMethodHandle$Holder.invokeStaticInit(java.lang.Object, java.lang.Object)'> (0x00000000e3429d78) 
thrown [e:\jenkins\tmp\workspace\build\src\src\hotspot\share\interpreter\linkResolver.cpp, line 766]
Event: 5.436 Thread 0x00000081d34581c0 Exception <a 'java/lang/NoSuchMethodError'{0x00000000e3437920}: 'long java.lang.invoke.DirectMethodHandle$Holder.invokeInterface(java.lang.Object, java.lang.Object)'> (0x00000000e3437920) 
thrown [e:\jenkins\tmp\workspace\build\src\src\hotspot\share\interpreter\linkResolver.cpp, line 766]
Event: 5.436 Thread 0x00000081d34581c0 Exception <a 'java/lang/IncompatibleClassChangeError'{0x00000000e343aeb0}: Found class java.lang.Object, but interface was expected> (0x00000000e343aeb0) 
thrown [e:\jenkins\tmp\workspace\build\src\src\hotspot\share\interpreter\linkResolver.cpp, line 833]
Event: 5.452 Thread 0x00000081d34581c0 Exception <a 'java/lang/NoSuchMethodError'{0x00000000e34f1578}: 'java.lang.Object java.lang.invoke.DirectMethodHandle$Holder.invokeVirtual(java.lang.Object, java.lang.Object, java.lang.Object, java.lang.Object)'> (0x00000000e34f1578) 
thrown [e:\jenkins\tmp\workspace\build\src\src\hotspot\share\interpreter\linkResolver.cpp, line 766]
Event: 5.526 Thread 0x00000081d12bc070 Exception <a 'java/lang/reflect/InvocationTargetException'{0x00000000e3247fb0}> (0x00000000e3247fb0) 
thrown [e:\jenkins\tmp\workspace\build\src\src\hotspot\share\runtime\reflection.cpp, line 1121]

VM Operations (20 events):
Event: 3.933 Executing VM operation: HandshakeAllThreads done
Event: 4.313 Executing VM operation: G1CollectForAllocation
Event: 4.322 Executing VM operation: G1CollectForAllocation done
Event: 4.627 Executing VM operation: CollectForMetadataAllocation
Event: 4.635 Executing VM operation: CollectForMetadataAllocation done
Event: 4.648 Executing VM operation: G1Concurrent
Event: 4.652 Executing VM operation: G1Concurrent done
Event: 4.660 Executing VM operation: G1Concurrent
Event: 4.660 Executing VM operation: G1Concurrent done
Event: 5.132 Executing VM operation: HandshakeAllThreads
Event: 5.132 Executing VM operation: HandshakeAllThreads done
Event: 5.234 Executing VM operation: HandshakeAllThreads
Event: 5.234 Executing VM operation: HandshakeAllThreads done
Event: 5.250 Executing VM operation: G1CollectForAllocation
Event: 5.255 Executing VM operation: G1CollectForAllocation done
Event: 5.295 Executing VM operation: G1CollectForAllocation
Event: 5.302 Executing VM operation: G1CollectForAllocation done
Event: 5.349 Executing VM operation: HandshakeAllThreads
Event: 5.349 Executing VM operation: HandshakeAllThreads done
Event: 5.787 Executing VM operation: G1CollectForAllocation

Events (20 events):
Event: 5.393 loading class java/util/regex/Pattern$Prolog
Event: 5.393 loading class java/util/regex/Pattern$Prolog done
Event: 5.394 loading class java/util/regex/ASCII
Event: 5.394 loading class java/util/regex/ASCII done
Event: 5.416 loading class java/util/regex/Pattern$BnM
Event: 5.416 loading class java/util/regex/Pattern$BnM done
Event: 5.416 loading class java/util/regex/Pattern$Pos
Event: 5.416 loading class java/util/regex/Pattern$Pos done
Event: 5.417 loading class java/lang/AssertionError
Event: 5.417 loading class java/lang/AssertionError done
Event: 5.427 loading class java/time/ZoneOffset
Event: 5.428 loading class java/time/ZoneOffset done
Event: 5.430 loading class java/util/function/ToLongFunction
Event: 5.430 loading class java/util/function/ToLongFunction done
Event: 5.466 Thread 0x00000081d34581c0 Thread exited: 0x00000081d34581c0
Event: 5.730 Thread 0x00000081d371d030 Thread added: 0x00000081d371d030
Event: 5.782 loading class javax/naming/ldap/LdapContext
Event: 5.783 loading class javax/naming/directory/DirContext
Event: 5.783 loading class javax/naming/directory/DirContext done
Event: 5.783 loading class javax/naming/ldap/LdapContext done


Dynamic libraries:
0x00007ff6180f0000 - 0x00007ff6180fe000 	C:\temp\contents\sts-4.13.1.RELEASE\plugins\org.eclipse.justj.openjdk.hotspot.jre.full.win32.x86_64_17.0.1.v20211116-1657\jre\bin\javaw.exe
0x00007ffeb49a0000 - 0x00007ffeb4b4d000 	C:\Windows\SYSTEM32\ntdll.dll
0x00007ffeb4390000 - 0x00007ffeb44ce000 	C:\Windows\system32\KERNEL32.DLL
0x00007ffeb1f10000 - 0x00007ffeb2026000 	C:\Windows\system32\KERNELBASE.dll
0x00007ffea1ac0000 - 0x00007ffea1ad8000 	C:\temp\contents\sts-4.13.1.RELEASE\plugins\org.eclipse.justj.openjdk.hotspot.jre.full.win32.x86_64_17.0.1.v20211116-1657\jre\bin\jli.dll
0x00007ffea1aa0000 - 0x00007ffea1ab9000 	C:\temp\contents\sts-4.13.1.RELEASE\plugins\org.eclipse.justj.openjdk.hotspot.jre.full.win32.x86_64_17.0.1.v20211116-1657\jre\bin\VCRUNTIME140.dll
0x00007ffeaa220000 - 0x00007ffeaa224000 	C:\temp\contents\sts-4.13.1.RELEASE\plugins\org.eclipse.justj.openjdk.hotspot.jre.full.win32.x86_64_17.0.1.v20211116-1657\jre\bin\api-ms-win-crt-stdio-l1-1-0.dll
0x00007ffea8af0000 - 0x00007ffea8af4000 	C:\temp\contents\sts-4.13.1.RELEASE\plugins\org.eclipse.justj.openjdk.hotspot.jre.full.win32.x86_64_17.0.1.v20211116-1657\jre\bin\api-ms-win-crt-runtime-l1-1-0.dll
0x00007ffea1a90000 - 0x00007ffea1a93000 	C:\temp\contents\sts-4.13.1.RELEASE\plugins\org.eclipse.justj.openjdk.hotspot.jre.full.win32.x86_64_17.0.1.v20211116-1657\jre\bin\api-ms-win-crt-environment-l1-1-0.dll
0x00007ffea1a80000 - 0x00007ffea1a85000 	C:\temp\contents\sts-4.13.1.RELEASE\plugins\org.eclipse.justj.openjdk.hotspot.jre.full.win32.x86_64_17.0.1.v20211116-1657\jre\bin\api-ms-win-crt-math-l1-1-0.dll
0x00007ffea1890000 - 0x00007ffea1893000 	C:\temp\contents\sts-4.13.1.RELEASE\plugins\org.eclipse.justj.openjdk.hotspot.jre.full.win32.x86_64_17.0.1.v20211116-1657\jre\bin\api-ms-win-crt-locale-l1-1-0.dll
0x00007ffea1880000 - 0x00007ffea1883000 	C:\temp\contents\sts-4.13.1.RELEASE\plugins\org.eclipse.justj.openjdk.hotspot.jre.full.win32.x86_64_17.0.1.v20211116-1657\jre\bin\api-ms-win-crt-heap-l1-1-0.dll
0x00007ffeaf000000 - 0x00007ffeaf27b000 	C:\Windows\WinSxS\amd64_microsoft.windows.common-controls_6595b64144ccf1df_6.0.9600.18006_none_623f33d3ecbe86e8\COMCTL32.dll
0x00007ffeb2200000 - 0x00007ffeb2377000 	C:\Windows\system32\USER32.dll
0x00007ffea1870000 - 0x00007ffea1873000 	C:\temp\contents\sts-4.13.1.RELEASE\plugins\org.eclipse.justj.openjdk.hotspot.jre.full.win32.x86_64_17.0.1.v20211116-1657\jre\bin\api-ms-win-crt-filesystem-l1-1-0.dll
0x00007ffea1860000 - 0x00007ffea1864000 	C:\temp\contents\sts-4.13.1.RELEASE\plugins\org.eclipse.justj.openjdk.hotspot.jre.full.win32.x86_64_17.0.1.v20211116-1657\jre\bin\api-ms-win-crt-string-l1-1-0.dll
0x00007ffea1850000 - 0x00007ffea1854000 	C:\temp\contents\sts-4.13.1.RELEASE\plugins\org.eclipse.justj.openjdk.hotspot.jre.full.win32.x86_64_17.0.1.v20211116-1657\jre\bin\api-ms-win-crt-convert-l1-1-0.dll
0x00007ffeb25e0000 - 0x00007ffeb268a000 	C:\Windows\system32\msvcrt.dll
0x00007ffeb46d0000 - 0x00007ffeb481b000 	C:\Windows\system32\GDI32.dll
0x00007ffea0cc0000 - 0x00007ffea0dba000 	C:\temp\contents\sts-4.13.1.RELEASE\plugins\org.eclipse.justj.openjdk.hotspot.jre.full.win32.x86_64_17.0.1.v20211116-1657\jre\bin\ucrtbase.DLL
0x00007ffeb2030000 - 0x00007ffeb2066000 	C:\Windows\system32\IMM32.DLL
0x00007ffeb4840000 - 0x00007ffeb4991000 	C:\Windows\system32\MSCTF.dll
0x00007ffea1840000 - 0x00007ffea184c000 	C:\temp\contents\sts-4.13.1.RELEASE\plugins\org.eclipse.justj.openjdk.hotspot.jre.full.win32.x86_64_17.0.1.v20211116-1657\jre\bin\vcruntime140_1.dll
0x00007ffea17a0000 - 0x00007ffea1831000 	C:\temp\contents\sts-4.13.1.RELEASE\plugins\org.eclipse.justj.openjdk.hotspot.jre.full.win32.x86_64_17.0.1.v20211116-1657\jre\bin\msvcp140.dll
0x00007ffea1790000 - 0x00007ffea1793000 	C:\temp\contents\sts-4.13.1.RELEASE\plugins\org.eclipse.justj.openjdk.hotspot.jre.full.win32.x86_64_17.0.1.v20211116-1657\jre\bin\api-ms-win-crt-time-l1-1-0.dll
0x00007ffea1590000 - 0x00007ffea1593000 	C:\temp\contents\sts-4.13.1.RELEASE\plugins\org.eclipse.justj.openjdk.hotspot.jre.full.win32.x86_64_17.0.1.v20211116-1657\jre\bin\api-ms-win-crt-utility-l1-1-0.dll
0x00007ffe9ee20000 - 0x00007ffe9fa66000 	C:\temp\contents\sts-4.13.1.RELEASE\plugins\org.eclipse.justj.openjdk.hotspot.jre.full.win32.x86_64_17.0.1.v20211116-1657\jre\bin\server\jvm.dll
0x00007ffeb2840000 - 0x00007ffeb28ea000 	C:\Windows\system32\ADVAPI32.dll
0x00007ffead300000 - 0x00007ffead309000 	C:\Windows\SYSTEM32\WSOCK32.dll
0x00007ffeaa290000 - 0x00007ffeaa2b2000 	C:\Windows\SYSTEM32\WINMM.dll
0x00007ffeaa2d0000 - 0x00007ffeaa2da000 	C:\Windows\SYSTEM32\VERSION.dll
0x00007ffeb2690000 - 0x00007ffeb2697000 	C:\Windows\system32\PSAPI.DLL
0x00007ffeb42d0000 - 0x00007ffeb4329000 	C:\Windows\SYSTEM32\sechost.dll
0x00007ffeb2380000 - 0x00007ffeb24c0000 	C:\Windows\system32\RPCRT4.dll
0x00007ffeb4330000 - 0x00007ffeb438a000 	C:\Windows\system32\WS2_32.dll
0x00007ffea9c70000 - 0x00007ffea9c9a000 	C:\Windows\SYSTEM32\WINMMBASE.dll
0x00007ffeb1ba0000 - 0x00007ffeb1bce000 	C:\Windows\system32\SspiCli.dll
0x00007ffeb44d0000 - 0x00007ffeb44d9000 	C:\Windows\system32\NSI.dll
0x00007ffeb1e10000 - 0x00007ffeb1e5f000 	C:\Windows\SYSTEM32\cfgmgr32.dll
0x00007ffeb08f0000 - 0x00007ffeb0918000 	C:\Windows\SYSTEM32\DEVOBJ.dll
0x00007ffeaa370000 - 0x00007ffeaa37a000 	C:\temp\contents\sts-4.13.1.RELEASE\plugins\org.eclipse.justj.openjdk.hotspot.jre.full.win32.x86_64_17.0.1.v20211116-1657\jre\bin\jimage.dll
0x00007ffea1340000 - 0x00007ffea14c9000 	C:\Windows\SYSTEM32\DBGHELP.DLL
0x00007ffeaa340000 - 0x00007ffeaa365000 	C:\temp\contents\sts-4.13.1.RELEASE\plugins\org.eclipse.justj.openjdk.hotspot.jre.full.win32.x86_64_17.0.1.v20211116-1657\jre\bin\java.dll
0x00007ffeaa320000 - 0x00007ffeaa338000 	C:\temp\contents\sts-4.13.1.RELEASE\plugins\org.eclipse.justj.openjdk.hotspot.jre.full.win32.x86_64_17.0.1.v20211116-1657\jre\bin\zip.dll
0x00007ffeb28f0000 - 0x00007ffeb3e1c000 	C:\Windows\system32\SHELL32.dll
0x00007ffeb3ef0000 - 0x00007ffeb4102000 	C:\Windows\SYSTEM32\combase.dll
0x00007ffeb2580000 - 0x00007ffeb25d4000 	C:\Windows\system32\SHLWAPI.dll
0x00007ffeafeb0000 - 0x00007ffeaff62000 	C:\Windows\SYSTEM32\SHCORE.dll
0x00007ffeb1ad0000 - 0x00007ffeb1ae5000 	C:\Windows\SYSTEM32\profapi.dll
0x00007ffeaa300000 - 0x00007ffeaa319000 	C:\temp\contents\sts-4.13.1.RELEASE\plugins\org.eclipse.justj.openjdk.hotspot.jre.full.win32.x86_64_17.0.1.v20211116-1657\jre\bin\net.dll
0x00007ffea9d70000 - 0x00007ffea9e37000 	C:\Windows\SYSTEM32\WINHTTP.dll
0x00007ffeb1300000 - 0x00007ffeb1359000 	C:\Windows\system32\mswsock.dll
0x00007ffea8b20000 - 0x00007ffea8b35000 	C:\temp\contents\sts-4.13.1.RELEASE\plugins\org.eclipse.justj.openjdk.hotspot.jre.full.win32.x86_64_17.0.1.v20211116-1657\jre\bin\nio.dll
0x00007ffea1510000 - 0x00007ffea1519000 	C:\temp\contents\sts-4.13.1.RELEASE\plugins\org.eclipse.justj.openjdk.hotspot.jre.full.win32.x86_64_17.0.1.v20211116-1657\jre\bin\management.dll
0x00007ffea1500000 - 0x00007ffea150b000 	C:\temp\contents\sts-4.13.1.RELEASE\plugins\org.eclipse.justj.openjdk.hotspot.jre.full.win32.x86_64_17.0.1.v20211116-1657\jre\bin\management_ext.dll
0x00007ffea14e0000 - 0x00007ffea14f5000 	C:\Windows\system32\napinsp.dll
0x00007ffea0eb0000 - 0x00007ffea0eca000 	C:\Windows\system32\pnrpnsp.dll
0x00007ffeaf380000 - 0x00007ffeaf39b000 	C:\Windows\system32\NLAapi.dll
0x00007ffeb1100000 - 0x00007ffeb11a4000 	C:\Windows\SYSTEM32\DNSAPI.dll
0x00007ffea0ea0000 - 0x00007ffea0ead000 	C:\Windows\System32\winrnr.dll
0x00007ffea6ed0000 - 0x00007ffea6eda000 	C:\Windows\System32\rasadhlp.dll
0x00007ffeacb60000 - 0x00007ffeacb8a000 	C:\Windows\SYSTEM32\IPHLPAPI.DLL
0x00007ffeacb40000 - 0x00007ffeacb4a000 	C:\Windows\SYSTEM32\WINNSI.DLL
0x00007ffeaca30000 - 0x00007ffeaca9b000 	C:\Windows\System32\fwpuclnt.dll
0x00007ffeb1360000 - 0x00007ffeb1380000 	C:\Windows\SYSTEM32\CRYPTSP.dll
0x00007ffeb0f80000 - 0x00007ffeb0fb6000 	C:\Windows\system32\rsaenh.dll
0x00007ffeb15d0000 - 0x00007ffeb15f6000 	C:\Windows\SYSTEM32\bcrypt.dll
0x00007ffeb1090000 - 0x00007ffeb10b1000 	C:\Windows\SYSTEM32\USERENV.dll
0x00007ffeb18d0000 - 0x00007ffeb1933000 	C:\Windows\system32\bcryptprimitives.dll
0x00007ffeb1940000 - 0x00007ffeb194b000 	C:\Windows\SYSTEM32\CRYPTBASE.dll
0x00007ffeaca00000 - 0x00007ffeaca16000 	C:\Windows\SYSTEM32\dhcpcsvc6.DLL
0x00007ffeac9e0000 - 0x00007ffeac9fa000 	C:\Windows\SYSTEM32\dhcpcsvc.DLL
0x00007ffeaa2f0000 - 0x00007ffeaa300000 	C:\temp\contents\sts-4.13.1.RELEASE\plugins\org.eclipse.justj.openjdk.hotspot.jre.full.win32.x86_64_17.0.1.v20211116-1657\jre\bin\verify.dll

dbghelp: loaded successfully - version: 4.0.5 - missing functions: none
symbol engine: initialized successfully - sym options: 0x614 - pdb path: .;C:\temp\contents\sts-4.13.1.RELEASE\plugins\org.eclipse.justj.openjdk.hotspot.jre.full.win32.x86_64_17.0.1.v20211116-1657\jre\bin;C:\Windows\SYSTEM32;C:\Windows\WinSxS\amd64_microsoft.windows.common-controls_6595b64144ccf1df_6.0.9600.18006_none_623f33d3ecbe86e8;C:\temp\contents\sts-4.13.1.RELEASE\plugins\org.eclipse.justj.openjdk.hotspot.jre.full.win32.x86_64_17.0.1.v20211116-1657\jre\bin\server

VM Arguments:
jvm_args: -Dcom.sun.management.jmxremote -Dcom.sun.management.jmxremote.port=55960 -Dcom.sun.management.jmxremote.authenticate=false -Dcom.sun.management.jmxremote.ssl=false -Djava.rmi.server.hostname=localhost -Dspring.jmx.enabled=true -Dspring.application.admin.enabled=true -XX:TieredStopAtLevel=1 -Dspring.boot.project.name=dsmovie -Dfile.encoding=UTF-8 -XX:+ShowCodeDetailsInExceptionMessages 
java_command: com.devsuperior.dsmovie.DsmovieApplication --spring.output.ansi.enabled=always
java_class_path (initial): C:\Projetos\dsmovie\backend\target\classes;C:\Users\pc2\.m2\repository\org\springframework\boot\spring-boot-starter-data-jpa\2.6.4\spring-boot-starter-data-jpa-2.6.4.jar;C:\Users\pc2\.m2\repository\org\springframework\boot\spring-boot-starter-aop\2.6.4\spring-boot-starter-aop-2.6.4.jar;C:\Users\pc2\.m2\repository\org\aspectj\aspectjweaver\1.9.7\aspectjweaver-1.9.7.jar;C:\Users\pc2\.m2\repository\org\springframework\boot\spring-boot-starter-jdbc\2.6.4\spring-boot-starter-jdbc-2.6.4.jar;C:\Users\pc2\.m2\repository\com\zaxxer\HikariCP\4.0.3\HikariCP-4.0.3.jar;C:\Users\pc2\.m2\repository\org\springframework\spring-jdbc\5.3.16\spring-jdbc-5.3.16.jar;C:\Users\pc2\.m2\repository\jakarta\transaction\jakarta.transaction-api\1.3.3\jakarta.transaction-api-1.3.3.jar;C:\Users\pc2\.m2\repository\jakarta\persistence\jakarta.persistence-api\2.2.3\jakarta.persistence-api-2.2.3.jar;C:\Users\pc2\.m2\repository\org\hibernate\hibernate-core\5.6.5.Final\hibernate-core-5.6.5.Final.jar;C:\Users\pc2\.m2\repository\org\jboss\logging\jboss-logging\3.4.3.Final\jboss-logging-3.4.3.Final.jar;C:\Users\pc2\.m2\repository\net\bytebuddy\byte-buddy\1.11.22\byte-buddy-1.11.22.jar;C:\Users\pc2\.m2\repository\antlr\antlr\2.7.7\antlr-2.7.7.jar;C:\Users\pc2\.m2\repository\org\jboss\jandex\2.4.2.Final\jandex-2.4.2.Final.jar;C:\Users\pc2\.m2\repository\com\fasterxml\classmate\1.5.1\classmate-1.5.1.jar;C:\Users\pc2\.m2\repository\org\hibernate\common\hibernate-commons-annotations\5.1.2.Final\hibernate-commons-annotations-5.1.2.Final.jar;C:\Users\pc2\.m2\repository\org\glassfish\jaxb\jaxb-runtime\2.3.6\jaxb-runtime-2.3.6.jar;C:\Users\pc2\.m2\repository\org\glassfish\jaxb\txw2\2.3.6\txw2-2.3.6.jar;C:\Users\pc2\.m2\repository\com\sun\istack\istack-commons-runtime\3.0.12\istack-commons-runtime-3.0.12.jar;C:\Users\pc2\.m2\repository\com\sun\activation\jakarta.activation\1.2.2\jakarta.activation-1.2.2.jar;C:\Users\pc2\.m2\repository\org\springframework\data\spring-data-jpa\2.6.2\spring
Launcher Type: SUN_STANDARD

[Global flags]
     intx CICompilerCount                          = 2                                         {product} {ergonomic}
     uint ConcGCThreads                            = 1                                         {product} {ergonomic}
     uint G1ConcRefinementThreads                  = 2                                         {product} {ergonomic}
   size_t G1HeapRegionSize                         = 1048576                                   {product} {ergonomic}
    uintx GCDrainStackTargetSize                   = 64                                        {product} {ergonomic}
   size_t InitialHeapSize                          = 33554432                                  {product} {ergonomic}
     bool ManagementServer                         = true                                      {product} {command line}
   size_t MarkStackSize                            = 4194304                                   {product} {ergonomic}
   size_t MaxHeapSize                              = 509607936                                 {product} {ergonomic}
   size_t MaxNewSize                               = 305135616                                 {product} {ergonomic}
   size_t MinHeapDeltaBytes                        = 1048576                                   {product} {ergonomic}
   size_t MinHeapSize                              = 8388608                                   {product} {ergonomic}
    uintx NonProfiledCodeHeapSize                  = 0                                      {pd product} {ergonomic}
     bool ProfileInterpreter                       = false                                  {pd product} {command line}
    uintx ProfiledCodeHeapSize                     = 0                                      {pd product} {ergonomic}
     bool ShowCodeDetailsInExceptionMessages       = true                                   {manageable} {command line}
   size_t SoftMaxHeapSize                          = 509607936                              {manageable} {ergonomic}
     intx TieredStopAtLevel                        = 1                                         {product} {command line}
     bool UseCompressedClassPointers               = true                           {product lp64_product} {ergonomic}
     bool UseCompressedOops                        = true                           {product lp64_product} {ergonomic}
     bool UseG1GC                                  = true                                      {product} {ergonomic}
     bool UseLargePagesIndividualAllocation        = false                                  {pd product} {ergonomic}

Logging:
Log output configuration:
 #0: stdout all=warning uptime,level,tags
 #1: stderr all=off uptime,level,tags

Environment Variables:
JAVA_HOME=C:\Program Files\Java\zulu11.48.21-ca-jdk11.0.11-win_x64
PATH=C:/temp/contents/sts-4.13.1.RELEASE//plugins/org.eclipse.justj.openjdk.hotspot.jre.full.win32.x86_64_17.0.1.v20211116-1657/jre/bin/server;C:/temp/contents/sts-4.13.1.RELEASE//plugins/org.eclipse.justj.openjdk.hotspot.jre.full.win32.x86_64_17.0.1.v20211116-1657/jre/bin;C:\Windows\system32;C:\Windows;C:\Windows\System32\Wbem;C:\Windows\System32\WindowsPowerShell\v1.0\;C:\Program Files\Java\zulu11.48.21-ca-jdk11.0.11-win_x64\bin;C:\Program Files\Git\cmd;C:\Program Files\nodejs\;;C:\Users\pc2\AppData\Local\Programs\Microsoft VS Code\bin;C:\Users\pc2\AppData\Roaming\npm;C:\temp\contents\sts-4.13.1.RELEASE;
USERNAME=pc2
OS=Windows_NT
PROCESSOR_IDENTIFIER=Intel64 Family 6 Model 58 Stepping 9, GenuineIntel



---------------  S Y S T E M  ---------------

OS:
 Windows 8.1 , 64 bit Build 9600 (6.3.9600.17415)
OS uptime: 0 days 1:46 hours

CPU: total 2 (initial active 2) (2 cores per cpu, 1 threads per core) family 6 model 58 stepping 9 microcode 0x1b, cx8, cmov, fxsr, mmx, sse, sse2, sse3, ssse3, sse4.1, sse4.2, popcnt, tsc, tscinvbit, erms, clmul, clflush

Memory: 4k page, system-wide physical 1942M (186M free)
TotalPageFile size 1942M (AvailPageFile size 17M)
current process WorkingSet (physical memory assigned to process): 96M, peak: 96M
current process commit charge ("private bytes"): 123M, peak: 138M

vm_info: OpenJDK 64-Bit Server VM (17.0.1+12) for windows-amd64 JRE (17.0.1+12), built on Oct 20 2021 07:42:55 by "" with MS VC++ 16.7 (VS2019)

END.
